This is XeTeX, Version 3.14159265-2.6-0.999992 (TeX Live 2020/W32TeX) (preloaded format=xelatex 2020.6.10)  24 JUN 2020 20:20
entering extended mode
 restricted \write18 enabled.
 %&-line parsing enabled.
**final-report.tex
(./final-report.tex
LaTeX2e <2020-02-02> patch level 5
L3 programming layer <2020-06-03>
(c:/Users/Administrator/AppData/Roaming/TinyTeX/texmf-dist/tex/latex/ctex/ctexa
rt.cls
(c:/Users/Administrator/AppData/Roaming/TinyTeX/texmf-dist/tex/latex/ctex/confi
g/ctexbackend.cfg
File: ctexbackend.cfg 2020/06/06 v2.5.3 Backend configuration file (CTEX)
)
(c:/Users/Administrator/AppData/Roaming/TinyTeX/texmf-dist/tex/latex/l3kernel/e
xpl3.sty
Package: expl3 2020-06-03 L3 programming layer (loader) 

(c:/Users/Administrator/AppData/Roaming/TinyTeX/texmf-dist/tex/latex/l3backend/
l3backend-xdvipdfmx.def
File: l3backend-xdvipdfmx.def 2020-06-03 L3 backend support: xdvipdfmx
\g__graphics_track_int=\count163
\l__pdf_internal_box=\box45
\g__pdf_backend_object_int=\count164
\g__pdf_backend_annotation_int=\count165
))
Document Class: ctexart 2020/06/06 v2.5.3 Chinese adapter for class article (CT
EX)

(c:/Users/Administrator/AppData/Roaming/TinyTeX/texmf-dist/tex/latex/l3packages
/xparse/xparse.sty
Package: xparse 2020-05-15 L3 Experimental document command parser

(c:/Users/Administrator/AppData/Roaming/TinyTeX/texmf-dist/tex/latex/l3packages
/xparse/xparse-generic.tex
\l__xparse_current_arg_int=\count166
\g__xparse_grabber_int=\count167
\l__xparse_m_args_int=\count168
\l__xparse_v_nesting_int=\count169
))
(c:/Users/Administrator/AppData/Roaming/TinyTeX/texmf-dist/tex/latex/l3packages
/l3keys2e/l3keys2e.sty
Package: l3keys2e 2020-05-15 LaTeX2e option processing using LaTeX3 keys
)
(c:/Users/Administrator/AppData/Roaming/TinyTeX/texmf-dist/tex/latex/ctex/ctexh
ook.sty
Package: ctexhook 2020/06/06 v2.5.3 Document and package hooks (CTEX)
)
(c:/Users/Administrator/AppData/Roaming/TinyTeX/texmf-dist/tex/latex/ctex/ctexp
atch.sty
Package: ctexpatch 2020/06/06 v2.5.3 Patching commands (CTEX)
)
(c:/Users/Administrator/AppData/Roaming/TinyTeX/texmf-dist/tex/latex/base/fix-c
m.sty
Package: fix-cm 2015/01/14 v1.1t fixes to LaTeX

(c:/Users/Administrator/AppData/Roaming/TinyTeX/texmf-dist/tex/latex/base/ts1en
c.def
File: ts1enc.def 2001/06/05 v3.0e (jk/car/fm) Standard LaTeX file
LaTeX Font Info:    Redeclaring font encoding TS1 on input line 47.
))
(c:/Users/Administrator/AppData/Roaming/TinyTeX/texmf-dist/tex/latex/ms/everyse
l.sty
Package: everysel 2011/10/28 v1.2 EverySelectfont Package (MS)
)
\l__ctex_tmp_int=\count170
\l__ctex_tmp_box=\box46
\l__ctex_tmp_dim=\dimen134
\g__ctex_section_depth_int=\count171
\g__ctex_font_size_int=\count172

(c:/Users/Administrator/AppData/Roaming/TinyTeX/texmf-dist/tex/latex/ctex/confi
g/ctexopts.cfg
File: ctexopts.cfg 2020/06/06 v2.5.3 Option configuration file (CTEX)
)

Package ctex Warning: Option `hyperref' is deprecated.
(ctex)                `hyperref' package will be loaded.


(c:/Users/Administrator/AppData/Roaming/TinyTeX/texmf-dist/tex/latex/base/artic
le.cls
Document Class: article 2019/12/20 v1.4l Standard LaTeX document class

(c:/Users/Administrator/AppData/Roaming/TinyTeX/texmf-dist/tex/latex/base/size1
0.clo
File: size10.clo 2019/12/20 v1.4l Standard LaTeX file (size option)
)
\c@part=\count173
\c@section=\count174
\c@subsection=\count175
\c@subsubsection=\count176
\c@paragraph=\count177
\c@subparagraph=\count178
\c@figure=\count179
\c@table=\count180
\abovecaptionskip=\skip47
\belowcaptionskip=\skip48
\bibindent=\dimen135
)
(c:/Users/Administrator/AppData/Roaming/TinyTeX/texmf-dist/tex/latex/ctex/engin
e/ctex-engine-xetex.def
File: ctex-engine-xetex.def 2020/06/06 v2.5.3 XeLaTeX adapter (CTEX)

(c:/Users/Administrator/AppData/Roaming/TinyTeX/texmf-dist/tex/xelatex/xecjk/xe
CJK.sty
Package: xeCJK 2020/06/06 v3.8.4 Typesetting CJK scripts with XeLaTeX

(c:/Users/Administrator/AppData/Roaming/TinyTeX/texmf-dist/tex/latex/l3packages
/xtemplate/xtemplate.sty
Package: xtemplate 2020-05-15 L3 Experimental prototype document functions
\l__xtemplate_tmp_dim=\dimen136
\l__xtemplate_tmp_int=\count181
\l__xtemplate_tmp_muskip=\muskip16
\l__xtemplate_tmp_skip=\skip49
)
\l__xeCJK_tmp_int=\count182
\l__xeCJK_tmp_box=\box47
\l__xeCJK_tmp_dim=\dimen137
\l__xeCJK_tmp_skip=\skip50
\g__xeCJK_space_factor_int=\count183
\l__xeCJK_begin_int=\count184
\l__xeCJK_end_int=\count185
\c__xeCJK_CJK_class_int=\XeTeXcharclass1
\c__xeCJK_FullLeft_class_int=\XeTeXcharclass2
\c__xeCJK_FullRight_class_int=\XeTeXcharclass3
\c__xeCJK_HalfLeft_class_int=\XeTeXcharclass4
\c__xeCJK_HalfRight_class_int=\XeTeXcharclass5
\c__xeCJK_NormalSpace_class_int=\XeTeXcharclass6
\c__xeCJK_CM_class_int=\XeTeXcharclass7
\c__xeCJK_HangulJamo_class_int=\XeTeXcharclass8
\l__xeCJK_last_skip=\skip51
\g__xeCJK_node_int=\count186
\c__xeCJK_CJK_node_dim=\dimen138
\c__xeCJK_CJK-space_node_dim=\dimen139
\c__xeCJK_default_node_dim=\dimen140
\c__xeCJK_default-space_node_dim=\dimen141
\c__xeCJK_CJK-widow_node_dim=\dimen142
\c__xeCJK_normalspace_node_dim=\dimen143
\l__xeCJK_ccglue_skip=\skip52
\l__xeCJK_ecglue_skip=\skip53
\l__xeCJK_punct_kern_skip=\skip54
\l__xeCJK_last_penalty_int=\count187
\l__xeCJK_last_bound_dim=\dimen144
\l__xeCJK_last_kern_dim=\dimen145
\l__xeCJK_widow_penalty_int=\count188

Package xtemplate Info: Declaring object type 'xeCJK/punctuation' taking 0
(xtemplate)             argument(s) on line 2329.

\l__xeCJK_fixed_punct_width_dim=\dimen146
\l__xeCJK_mixed_punct_width_dim=\dimen147
\l__xeCJK_middle_punct_width_dim=\dimen148
\l__xeCJK_fixed_margin_width_dim=\dimen149
\l__xeCJK_mixed_margin_width_dim=\dimen150
\l__xeCJK_middle_margin_width_dim=\dimen151
\l__xeCJK_bound_punct_width_dim=\dimen152
\l__xeCJK_bound_margin_width_dim=\dimen153
\l__xeCJK_margin_minimum_dim=\dimen154
\l__xeCJK_kerning_total_width_dim=\dimen155
\l__xeCJK_same_align_margin_dim=\dimen156
\l__xeCJK_different_align_margin_dim=\dimen157
\l__xeCJK_kerning_margin_width_dim=\dimen158
\l__xeCJK_kerning_margin_minimum_dim=\dimen159
\l__xeCJK_bound_dim=\dimen160
\l__xeCJK_reverse_bound_dim=\dimen161
\l__xeCJK_margin_dim=\dimen162
\l__xeCJK_minimum_bound_dim=\dimen163
\l__xeCJK_kerning_margin_dim=\dimen164
\g__xeCJK_family_int=\count189
\l__xeCJK_fam_int=\count190
\g__xeCJK_fam_allocation_int=\count191
\l__xeCJK_verb_case_int=\count192
\l__xeCJK_verb_exspace_skip=\skip55

(c:/Users/Administrator/AppData/Roaming/TinyTeX/texmf-dist/tex/latex/fontspec/f
ontspec.sty
Package: fontspec 2020/02/21 v2.7i Font selection for XeLaTeX and LuaLaTeX

(c:/Users/Administrator/AppData/Roaming/TinyTeX/texmf-dist/tex/latex/fontspec/f
ontspec-xetex.sty
Package: fontspec-xetex 2020/02/21 v2.7i Font selection for XeLaTeX and LuaLaTe
X
\l__fontspec_script_int=\count193
\l__fontspec_language_int=\count194
\l__fontspec_strnum_int=\count195
\l__fontspec_tmp_int=\count196
\l__fontspec_tmpa_int=\count197
\l__fontspec_tmpb_int=\count198
\l__fontspec_tmpc_int=\count199
\l__fontspec_em_int=\count266
\l__fontspec_emdef_int=\count267
\l__fontspec_strong_int=\count268
\l__fontspec_strongdef_int=\count269
\l__fontspec_tmpa_dim=\dimen165
\l__fontspec_tmpb_dim=\dimen166
\l__fontspec_tmpc_dim=\dimen167

(c:/Users/Administrator/AppData/Roaming/TinyTeX/texmf-dist/tex/latex/base/fonte
nc.sty
Package: fontenc 2020/02/11 v2.0o Standard LaTeX package
)
(c:/Users/Administrator/AppData/Roaming/TinyTeX/texmf-dist/tex/latex/fontspec/f
ontspec.cfg)))
(c:/Users/Administrator/AppData/Roaming/TinyTeX/texmf-dist/tex/xelatex/xecjk/xe
CJK.cfg
File: xeCJK.cfg 2020/06/06 v3.8.4 Configuration file for xeCJK package
))
\ccwd=\dimen168
\l__ctex_ccglue_skip=\skip56
)
\l__ctex_ziju_dim=\dimen169

(c:/Users/Administrator/AppData/Roaming/TinyTeX/texmf-dist/tex/latex/zhnumber/z
hnumber.sty
Package: zhnumber 2020/05/01 v2.8 Typesetting numbers with Chinese glyphs
\l__zhnum_scale_int=\count270

(c:/Users/Administrator/AppData/Roaming/TinyTeX/texmf-dist/tex/latex/zhnumber/z
hnumber-utf8.cfg
File: zhnumber-utf8.cfg 2020/05/01 v2.8 Chinese numerals with UTF8 encoding
))
\l__ctex_heading_skip=\skip57

(c:/Users/Administrator/AppData/Roaming/TinyTeX/texmf-dist/tex/latex/ctex/schem
e/ctex-scheme-chinese-article.def
File: ctex-scheme-chinese-article.def 2020/06/06 v2.5.3 Chinese scheme for arti
cle (CTEX)

(c:/Users/Administrator/AppData/Roaming/TinyTeX/texmf-dist/tex/latex/ctex/confi
g/ctex-name-utf8.cfg
File: ctex-name-utf8.cfg 2020/06/06 v2.5.3 Caption with encoding UTF-8 (CTEX)
))
(c:/Users/Administrator/AppData/Roaming/TinyTeX/texmf-dist/tex/latex/ctex/ctex-
c5size.clo
File: ctex-c5size.clo 2020/06/06 v2.5.3 c5size option (CTEX)
)
(c:/Users/Administrator/AppData/Roaming/TinyTeX/texmf-dist/tex/latex/ctex/fonts
et/ctex-fontset-windows.def
File: ctex-fontset-windows.def 2020/06/06 v2.5.3 Windows fonts definition (CTEX
)

Package fontspec Info: Could not resolve font "KaiTi/B" (it probably doesn't
(fontspec)             exist).


Package fontspec Info: Could not resolve font "SimHei/I" (it probably doesn't
(fontspec)             exist).


Package fontspec Info: Could not resolve font "SimSun/BI" (it probably doesn't
(fontspec)             exist).


Package fontspec Info: Font family 'SimSun(0)' created for font 'SimSun' with
(fontspec)             options
(fontspec)             [Script={CJK},BoldFont={SimHei},ItalicFont={KaiTi}].
(fontspec)              
(fontspec)              This font family consists of the following NFSS
(fontspec)             series/shapes:
(fontspec)              
(fontspec)             - 'normal' (m/n) with NFSS spec.:
(fontspec)             <->"SimSun/OT:script=hani;language=dflt;"
(fontspec)             - 'small caps'  (m/sc) with NFSS spec.: 
(fontspec)             - 'bold' (b/n) with NFSS spec.:
(fontspec)             <->"SimHei/OT:script=hani;language=dflt;"
(fontspec)             - 'bold small caps'  (b/sc) with NFSS spec.: 
(fontspec)             - 'italic' (m/it) with NFSS spec.:
(fontspec)             <->"KaiTi/OT:script=hani;language=dflt;"
(fontspec)             - 'italic small caps'  (m/scit) with NFSS spec.: 

))
(c:/Users/Administrator/AppData/Roaming/TinyTeX/texmf-dist/tex/latex/ctex/confi
g/ctex.cfg
File: ctex.cfg 2020/06/06 v2.5.3 Configuration file (CTEX)
)
(c:/Users/Administrator/AppData/Roaming/TinyTeX/texmf-dist/tex/latex/lm/lmodern
.sty
Package: lmodern 2009/10/30 v1.6 Latin Modern Fonts
LaTeX Font Info:    Overwriting symbol font `operators' in version `normal'
(Font)                  OT1/cmr/m/n --> OT1/lmr/m/n on input line 22.
LaTeX Font Info:    Overwriting symbol font `letters' in version `normal'
(Font)                  OML/cmm/m/it --> OML/lmm/m/it on input line 23.
LaTeX Font Info:    Overwriting symbol font `symbols' in version `normal'
(Font)                  OMS/cmsy/m/n --> OMS/lmsy/m/n on input line 24.
LaTeX Font Info:    Overwriting symbol font `largesymbols' in version `normal'
(Font)                  OMX/cmex/m/n --> OMX/lmex/m/n on input line 25.
LaTeX Font Info:    Overwriting symbol font `operators' in version `bold'
(Font)                  OT1/cmr/bx/n --> OT1/lmr/bx/n on input line 26.
LaTeX Font Info:    Overwriting symbol font `letters' in version `bold'
(Font)                  OML/cmm/b/it --> OML/lmm/b/it on input line 27.
LaTeX Font Info:    Overwriting symbol font `symbols' in version `bold'
(Font)                  OMS/cmsy/b/n --> OMS/lmsy/b/n on input line 28.
LaTeX Font Info:    Overwriting symbol font `largesymbols' in version `bold'
(Font)                  OMX/cmex/m/n --> OMX/lmex/m/n on input line 29.
LaTeX Font Info:    Overwriting math alphabet `\mathbf' in version `normal'
(Font)                  OT1/cmr/bx/n --> OT1/lmr/bx/n on input line 31.
LaTeX Font Info:    Overwriting math alphabet `\mathsf' in version `normal'
(Font)                  OT1/cmss/m/n --> OT1/lmss/m/n on input line 32.
LaTeX Font Info:    Overwriting math alphabet `\mathit' in version `normal'
(Font)                  OT1/cmr/m/it --> OT1/lmr/m/it on input line 33.
LaTeX Font Info:    Overwriting math alphabet `\mathtt' in version `normal'
(Font)                  OT1/cmtt/m/n --> OT1/lmtt/m/n on input line 34.
LaTeX Font Info:    Overwriting math alphabet `\mathbf' in version `bold'
(Font)                  OT1/cmr/bx/n --> OT1/lmr/bx/n on input line 35.
LaTeX Font Info:    Overwriting math alphabet `\mathsf' in version `bold'
(Font)                  OT1/cmss/bx/n --> OT1/lmss/bx/n on input line 36.
LaTeX Font Info:    Overwriting math alphabet `\mathit' in version `bold'
(Font)                  OT1/cmr/bx/it --> OT1/lmr/bx/it on input line 37.
LaTeX Font Info:    Overwriting math alphabet `\mathtt' in version `bold'
(Font)                  OT1/cmtt/m/n --> OT1/lmtt/m/n on input line 38.
)
(c:/Users/Administrator/AppData/Roaming/TinyTeX/texmf-dist/tex/latex/amsfonts/a
mssymb.sty
Package: amssymb 2013/01/14 v3.01 AMS font symbols

(c:/Users/Administrator/AppData/Roaming/TinyTeX/texmf-dist/tex/latex/amsfonts/a
msfonts.sty
Package: amsfonts 2013/01/14 v3.01 Basic AMSFonts support
\@emptytoks=\toks15
\symAMSa=\mathgroup4
\symAMSb=\mathgroup5
LaTeX Font Info:    Redeclaring math symbol \hbar on input line 98.
LaTeX Font Info:    Overwriting math alphabet `\mathfrak' in version `bold'
(Font)                  U/euf/m/n --> U/euf/b/n on input line 106.
))
(c:/Users/Administrator/AppData/Roaming/TinyTeX/texmf-dist/tex/latex/amsmath/am
smath.sty
Package: amsmath 2020/01/20 v2.17e AMS math features
\@mathmargin=\skip58
For additional information on amsmath, use the `?' option.

(c:/Users/Administrator/AppData/Roaming/TinyTeX/texmf-dist/tex/latex/amsmath/am
stext.sty
Package: amstext 2000/06/29 v2.01 AMS text

(c:/Users/Administrator/AppData/Roaming/TinyTeX/texmf-dist/tex/latex/amsmath/am
sgen.sty
File: amsgen.sty 1999/11/30 v2.0 generic functions
\@emptytoks=\toks16
\ex@=\dimen170
))
(c:/Users/Administrator/AppData/Roaming/TinyTeX/texmf-dist/tex/latex/amsmath/am
sbsy.sty
Package: amsbsy 1999/11/29 v1.2d Bold Symbols
\pmbraise@=\dimen171
)
(c:/Users/Administrator/AppData/Roaming/TinyTeX/texmf-dist/tex/latex/amsmath/am
sopn.sty
Package: amsopn 2016/03/08 v2.02 operator names
)
\inf@bad=\count271
LaTeX Info: Redefining \frac on input line 227.
\uproot@=\count272
\leftroot@=\count273
LaTeX Info: Redefining \overline on input line 389.
\classnum@=\count274
\DOTSCASE@=\count275
LaTeX Info: Redefining \ldots on input line 486.
LaTeX Info: Redefining \dots on input line 489.
LaTeX Info: Redefining \cdots on input line 610.
\Mathstrutbox@=\box48
\strutbox@=\box49
\big@size=\dimen172
LaTeX Font Info:    Redeclaring font encoding OML on input line 733.
LaTeX Font Info:    Redeclaring font encoding OMS on input line 734.
\macc@depth=\count276
\c@MaxMatrixCols=\count277
\dotsspace@=\muskip17
\c@parentequation=\count278
\dspbrk@lvl=\count279
\tag@help=\toks17
\row@=\count280
\column@=\count281
\maxfields@=\count282
\andhelp@=\toks18
\eqnshift@=\dimen173
\alignsep@=\dimen174
\tagshift@=\dimen175
\tagwidth@=\dimen176
\totwidth@=\dimen177
\lineht@=\dimen178
\@envbody=\toks19
\multlinegap=\skip59
\multlinetaggap=\skip60
\mathdisplay@stack=\toks20
LaTeX Info: Redefining \[ on input line 2859.
LaTeX Info: Redefining \] on input line 2860.
)
(c:/Users/Administrator/AppData/Roaming/TinyTeX/texmf-dist/tex/generic/iftex/if
xetex.sty
Package: ifxetex 2019/10/25 v0.7 ifxetex legacy package. Use iftex instead.

(c:/Users/Administrator/AppData/Roaming/TinyTeX/texmf-dist/tex/generic/iftex/if
tex.sty
Package: iftex 2020/03/06 v1.0d TeX engine tests
))
(c:/Users/Administrator/AppData/Roaming/TinyTeX/texmf-dist/tex/generic/iftex/if
luatex.sty
Package: ifluatex 2019/10/25 v1.5 ifluatex legacy package. Use iftex instead.
)
(c:/Users/Administrator/AppData/Roaming/TinyTeX/texmf-dist/tex/latex/base/fixlt
x2e.sty
Package: fixltx2e 2016/12/29 v2.1a fixes to LaTeX (obsolete)
Applying: [2015/01/01] Old fixltx2e package on input line 46.

Package fixltx2e Warning: fixltx2e is not required with releases after 2015
(fixltx2e)                All fixes are now in the LaTeX kernel.
(fixltx2e)                See the latexrelease package for details.

Already applied: [0000/00/00] Old fixltx2e package on input line 53.
)
(c:/Users/Administrator/AppData/Roaming/TinyTeX/texmf-dist/tex/xelatex/xltxtra/
xltxtra.sty
Package: xltxtra 2018/12/31 v0.7 Improvements for the "XeLaTeX" format

(c:/Users/Administrator/AppData/Roaming/TinyTeX/texmf-dist/tex/latex/realscript
s/realscripts.sty
Package: realscripts 2016/02/13 v0.3d Access OpenType subscripts and superscrip
ts
\subsupersep=\dimen179
)
(c:/Users/Administrator/AppData/Roaming/TinyTeX/texmf-dist/tex/latex/metalogo/m
etalogo.sty
Package: metalogo 2010/05/29 v0.12 Extended TeX logo macros

(c:/Users/Administrator/AppData/Roaming/TinyTeX/texmf-dist/tex/latex/graphics/g
raphicx.sty
Package: graphicx 2019/11/30 v1.2a Enhanced LaTeX Graphics (DPC,SPQR)

(c:/Users/Administrator/AppData/Roaming/TinyTeX/texmf-dist/tex/latex/graphics/k
eyval.sty
Package: keyval 2014/10/28 v1.15 key=value parser (DPC)
\KV@toks@=\toks21
)
(c:/Users/Administrator/AppData/Roaming/TinyTeX/texmf-dist/tex/latex/graphics/g
raphics.sty
Package: graphics 2019/11/30 v1.4a Standard LaTeX Graphics (DPC,SPQR)

(c:/Users/Administrator/AppData/Roaming/TinyTeX/texmf-dist/tex/latex/graphics/t
rig.sty
Package: trig 2016/01/03 v1.10 sin cos tan (DPC)
)
(c:/Users/Administrator/AppData/Roaming/TinyTeX/texmf-dist/tex/latex/graphics-c
fg/graphics.cfg
File: graphics.cfg 2016/06/04 v1.11 sample graphics configuration
)
Package graphics Info: Driver file: xetex.def on input line 105.

(c:/Users/Administrator/AppData/Roaming/TinyTeX/texmf-dist/tex/latex/graphics-d
ef/xetex.def
File: xetex.def 2017/06/24 v5.0h Graphics/color driver for xetex
))
\Gin@req@height=\dimen180
\Gin@req@width=\dimen181
)
\xl@everylogo=\toks22
\xl@@everylogo=\toks23
LaTeX Info: Redefining \TeX on input line 193.
LaTeX Info: Redefining \LaTeX on input line 202.
LaTeX Info: Redefining \LaTeXe on input line 219.
)
\l__xetex_show_hyphens_wrapping_box=\box50
\l__xetex_show_hyphens_temp_box=\box51
\l__xetex_show_hyphens_final_box=\box52
\g__xetex_show_hyphens_word_box=\box53
)
(c:/Users/Administrator/AppData/Roaming/TinyTeX/texmf-dist/tex/xelatex/xunicode
/xunicode.sty
File: xunicode.sty 2011/09/09 v0.981 provides access to latin accents and many 
other characters in Unicode lower plane

(c:/Users/Administrator/AppData/Roaming/TinyTeX/texmf-dist/tex/latex/tipa/t3enc
.def
File: t3enc.def 2001/12/31 T3 encoding

Package fontspec Info: Could not resolve font "Microsoft YaHei Bold/I" (it
(fontspec)             probably doesn't exist).


Package fontspec Info: Could not resolve font "Microsoft YaHei/I" (it probably
(fontspec)             doesn't exist).


Package fontspec Info: Font family 'MicrosoftYaHei(0)' created for font
(fontspec)             'Microsoft YaHei' with options
(fontspec)             [Script={CJK},BoldFont={* Bold}].
(fontspec)              
(fontspec)              This font family consists of the following NFSS
(fontspec)             series/shapes:
(fontspec)              
(fontspec)             - 'normal' (m/n) with NFSS spec.: <->"Microsoft
(fontspec)             YaHei/OT:script=hani;language=dflt;"
(fontspec)             - 'small caps'  (m/sc) with NFSS spec.: 
(fontspec)             - 'bold' (b/n) with NFSS spec.: <->"Microsoft YaHei
(fontspec)             Bold/OT:script=hani;language=dflt;"
(fontspec)             - 'bold small caps'  (b/sc) with NFSS spec.: 
(fontspec)             - 'bold italic' (b/it) with NFSS spec.: <->"Microsoft
(fontspec)             YaHei/BI/OT:script=hani;language=dflt;"
(fontspec)             - 'bold italic small caps'  (b/scit) with NFSS spec.: 

)
\tipaTiiicode=\count283
\tipasavetokens=\toks24
\tipachecktokens=\toks25
)
(c:/Users/Administrator/AppData/Roaming/TinyTeX/texmf-dist/tex/latex/hyperref/h
yperref.sty
Package: hyperref 2020-05-15 v7.00e Hypertext links for LaTeX

(c:/Users/Administrator/AppData/Roaming/TinyTeX/texmf-dist/tex/generic/ltxcmds/
ltxcmds.sty
Package: ltxcmds 2019/12/15 v1.24 LaTeX kernel commands for general use (HO)
)
(c:/Users/Administrator/AppData/Roaming/TinyTeX/texmf-dist/tex/latex/pdftexcmds
/pdftexcmds.sty
Package: pdftexcmds 2020-06-04 v0.32 Utility functions of pdfTeX for LuaTeX (HO
)

(c:/Users/Administrator/AppData/Roaming/TinyTeX/texmf-dist/tex/generic/infwarer
r/infwarerr.sty
Package: infwarerr 2019/12/03 v1.5 Providing info/warning/error messages (HO)
)
Package pdftexcmds Info: \pdf@primitive is available.
Package pdftexcmds Info: \pdf@ifprimitive is available.
Package pdftexcmds Info: \pdfdraftmode not found.
)
(c:/Users/Administrator/AppData/Roaming/TinyTeX/texmf-dist/tex/generic/kvsetkey
s/kvsetkeys.sty
Package: kvsetkeys 2019/12/15 v1.18 Key value parser (HO)
)
(c:/Users/Administrator/AppData/Roaming/TinyTeX/texmf-dist/tex/generic/kvdefine
keys/kvdefinekeys.sty
Package: kvdefinekeys 2019-12-19 v1.6 Define keys (HO)
)
(c:/Users/Administrator/AppData/Roaming/TinyTeX/texmf-dist/tex/generic/pdfescap
e/pdfescape.sty
Package: pdfescape 2019/12/09 v1.15 Implements pdfTeX's escape features (HO)
)
(c:/Users/Administrator/AppData/Roaming/TinyTeX/texmf-dist/tex/latex/hycolor/hy
color.sty
Package: hycolor 2020-01-27 v1.10 Color options for hyperref/bookmark (HO)
)
(c:/Users/Administrator/AppData/Roaming/TinyTeX/texmf-dist/tex/latex/letltxmacr
o/letltxmacro.sty
Package: letltxmacro 2019/12/03 v1.6 Let assignment for LaTeX macros (HO)
)
(c:/Users/Administrator/AppData/Roaming/TinyTeX/texmf-dist/tex/latex/auxhook/au
xhook.sty
Package: auxhook 2019-12-17 v1.6 Hooks for auxiliary files (HO)
)
(c:/Users/Administrator/AppData/Roaming/TinyTeX/texmf-dist/tex/latex/kvoptions/
kvoptions.sty
Package: kvoptions 2019/11/29 v3.13 Key value format for package options (HO)
)
\@linkdim=\dimen182
\Hy@linkcounter=\count284
\Hy@pagecounter=\count285

(c:/Users/Administrator/AppData/Roaming/TinyTeX/texmf-dist/tex/latex/hyperref/p
d1enc.def
File: pd1enc.def 2020-05-15 v7.00e Hyperref: PDFDocEncoding definition (HO)
)
(c:/Users/Administrator/AppData/Roaming/TinyTeX/texmf-dist/tex/generic/intcalc/
intcalc.sty
Package: intcalc 2019/12/15 v1.3 Expandable calculations with integers (HO)
)
(c:/Users/Administrator/AppData/Roaming/TinyTeX/texmf-dist/tex/generic/etexcmds
/etexcmds.sty
Package: etexcmds 2019/12/15 v1.7 Avoid name clashes with e-TeX commands (HO)
)
\Hy@SavedSpaceFactor=\count286
Package hyperref Info: Option `unicode' set `true' on input line 4338.

(c:/Users/Administrator/AppData/Roaming/TinyTeX/texmf-dist/tex/latex/hyperref/p
uenc.def
File: puenc.def 2020-05-15 v7.00e Hyperref: PDF Unicode definition (HO)
)
Package hyperref Info: Option `setpagesize' set `false' on input line 4338.
Package hyperref Info: Option `unicode' set `false' on input line 4338.
Package hyperref Info: Hyper figures OFF on input line 4464.
Package hyperref Info: Link nesting OFF on input line 4469.
Package hyperref Info: Hyper index ON on input line 4472.
Package hyperref Info: Plain pages OFF on input line 4479.
Package hyperref Info: Backreferencing OFF on input line 4484.
Package hyperref Info: Implicit mode ON; LaTeX internals redefined.
Package hyperref Info: Bookmarks ON on input line 4717.
\c@Hy@tempcnt=\count287

(c:/Users/Administrator/AppData/Roaming/TinyTeX/texmf-dist/tex/latex/url/url.st
y
\Urlmuskip=\muskip18
Package: url 2013/09/16  ver 3.4  Verb mode for urls, etc.
)
LaTeX Info: Redefining \url on input line 5076.
\XeTeXLinkMargin=\dimen183

(c:/Users/Administrator/AppData/Roaming/TinyTeX/texmf-dist/tex/generic/bitset/b
itset.sty
Package: bitset 2019/12/09 v1.3 Handle bit-vector datatype (HO)

(c:/Users/Administrator/AppData/Roaming/TinyTeX/texmf-dist/tex/generic/bigintca
lc/bigintcalc.sty
Package: bigintcalc 2019/12/15 v1.5 Expandable calculations on big integers (HO
)
))
\Fld@menulength=\count288
\Field@Width=\dimen184
\Fld@charsize=\dimen185
Package hyperref Info: Hyper figures OFF on input line 6347.
Package hyperref Info: Link nesting OFF on input line 6352.
Package hyperref Info: Hyper index ON on input line 6355.
Package hyperref Info: backreferencing OFF on input line 6362.
Package hyperref Info: Link coloring OFF on input line 6367.
Package hyperref Info: Link coloring with OCG OFF on input line 6372.
Package hyperref Info: PDF/A mode OFF on input line 6377.
LaTeX Info: Redefining \ref on input line 6417.
LaTeX Info: Redefining \pageref on input line 6421.

(c:/Users/Administrator/AppData/Roaming/TinyTeX/texmf-dist/tex/generic/atbegshi
/atbegshi.sty
Package: atbegshi 2019/12/05 v1.19 At begin shipout hook (HO)
)
\Hy@abspage=\count289
\c@Item=\count290
\c@Hfootnote=\count291
)
Package hyperref Info: Driver: hxetex.

(c:/Users/Administrator/AppData/Roaming/TinyTeX/texmf-dist/tex/latex/hyperref/h
xetex.def
File: hxetex.def 2020-05-15 v7.00e Hyperref driver for XeTeX

(c:/Users/Administrator/AppData/Roaming/TinyTeX/texmf-dist/tex/generic/stringen
c/stringenc.sty
Package: stringenc 2019/11/29 v1.12 Convert strings between diff. encodings (HO
)
)
\pdfm@box=\box54
\c@Hy@AnnotLevel=\count292
\HyField@AnnotCount=\count293
\Fld@listcount=\count294
\c@bookmark@seq@number=\count295

(c:/Users/Administrator/AppData/Roaming/TinyTeX/texmf-dist/tex/latex/rerunfilec
heck/rerunfilecheck.sty
Package: rerunfilecheck 2019/12/05 v1.9 Rerun checks for auxiliary files (HO)

(c:/Users/Administrator/AppData/Roaming/TinyTeX/texmf-dist/tex/latex/atveryend/
atveryend.sty
Package: atveryend 2019-12-11 v1.11 Hooks at the very end of document (HO)
Package atveryend Info: \enddocument detected (standard20110627).
)
(c:/Users/Administrator/AppData/Roaming/TinyTeX/texmf-dist/tex/generic/uniqueco
unter/uniquecounter.sty
Package: uniquecounter 2019/12/15 v1.4 Provide unlimited unique counter (HO)
)
Package uniquecounter Info: New unique counter `rerunfilecheck' on input line 2
86.
)
\Hy@SectionHShift=\skip61
)
(c:/Users/Administrator/AppData/Roaming/TinyTeX/texmf-dist/tex/latex/graphics/c
olor.sty
Package: color 2019/11/23 v1.2a Standard LaTeX Color (DPC)

(c:/Users/Administrator/AppData/Roaming/TinyTeX/texmf-dist/tex/latex/graphics-c
fg/color.cfg
File: color.cfg 2016/01/02 v1.6 sample color configuration
)
Package color Info: Driver file: xetex.def on input line 147.

(c:/Users/Administrator/AppData/Roaming/TinyTeX/texmf-dist/tex/latex/graphics/d
vipsnam.def
File: dvipsnam.def 2016/06/17 v3.0m Driver-dependent file (DPC,SPQR)
))
Package hyperref Info: Option `breaklinks' set `true' on input line 41.

Package hyperref Warning: Option `bookmarks' has already been used,
(hyperref)                setting the option has no effect on input line 41.


(c:/Users/Administrator/AppData/Roaming/TinyTeX/texmf-dist/tex/generic/stringen
c/se-ascii-print.def
File: se-ascii-print.def 2019/11/29 v1.12 stringenc: Printable ASCII characters

)
Package hyperref Info: Option `colorlinks' set `true' on input line 41.

(c:/Users/Administrator/AppData/Roaming/TinyTeX/texmf-dist/tex/xelatex/xecjk/xu
nicode-addon.sty
Package: xunicode-addon 2020/06/06 v3.8.4 addon file for xunicode
\l__xunadd_tmp_coffin=\box55
\l__xunadd_circle_coffin=\box56
\l_xunadd_slot_int=\count296
)
(c:/Users/Administrator/AppData/Roaming/TinyTeX/texmf-dist/tex/xelatex/xunicode
/xunicode.sty
File: xunicode.sty 2011/09/09 v0.981 provides access to latin accents and many 
other characters in Unicode lower plane
*** Reloading Xunicode for encoding 'TU' ***
)
(c:/Users/Administrator/AppData/Roaming/TinyTeX/texmf-dist/tex/xelatex/xecjk/xu
nicode-extra.def
File: xunicode-extra.def 2020/06/06 v3.8.4 extra definition for xunicode
) (./final-report.aux)
\openout1 = `final-report.aux'.

LaTeX Font Info:    Checking defaults for OML/cmm/m/it on input line 64.
LaTeX Font Info:    ... okay on input line 64.
LaTeX Font Info:    Checking defaults for OMS/cmsy/m/n on input line 64.
LaTeX Font Info:    ... okay on input line 64.
LaTeX Font Info:    Checking defaults for OT1/cmr/m/n on input line 64.
LaTeX Font Info:    ... okay on input line 64.
LaTeX Font Info:    Checking defaults for T1/cmr/m/n on input line 64.
LaTeX Font Info:    ... okay on input line 64.
LaTeX Font Info:    Checking defaults for TS1/cmr/m/n on input line 64.
LaTeX Font Info:    ... okay on input line 64.
LaTeX Font Info:    Checking defaults for TU/lmr/m/n on input line 64.
LaTeX Font Info:    ... okay on input line 64.
LaTeX Font Info:    Checking defaults for OMX/cmex/m/n on input line 64.
LaTeX Font Info:    ... okay on input line 64.
LaTeX Font Info:    Checking defaults for U/cmr/m/n on input line 64.
LaTeX Font Info:    ... okay on input line 64.
LaTeX Font Info:    Checking defaults for T3/cmr/m/n on input line 64.
LaTeX Font Info:    Trying to load font information for T3+cmr on input line 64
.

(c:/Users/Administrator/AppData/Roaming/TinyTeX/texmf-dist/tex/latex/tipa/t3cmr
.fd
File: t3cmr.fd 2001/12/31 TIPA font definitions
)
LaTeX Font Info:    ... okay on input line 64.
LaTeX Font Info:    Checking defaults for PD1/pdf/m/n on input line 64.
LaTeX Font Info:    ... okay on input line 64.
LaTeX Font Info:    Checking defaults for PU/pdf/m/n on input line 64.
LaTeX Font Info:    ... okay on input line 64.
ABD: EverySelectfont initializing macros
LaTeX Info: Redefining \selectfont on input line 64.
\AtBeginShipoutBox=\box57
Package hyperref Info: Link coloring ON on input line 64.

(c:/Users/Administrator/AppData/Roaming/TinyTeX/texmf-dist/tex/latex/hyperref/n
ameref.sty
Package: nameref 2019/09/16 v2.46 Cross-referencing by name of section

(c:/Users/Administrator/AppData/Roaming/TinyTeX/texmf-dist/tex/latex/refcount/r
efcount.sty
Package: refcount 2019/12/15 v3.6 Data extraction from label references (HO)
)
(c:/Users/Administrator/AppData/Roaming/TinyTeX/texmf-dist/tex/generic/gettitle
string/gettitlestring.sty
Package: gettitlestring 2019/12/15 v1.6 Cleanup title references (HO)
)
\c@section@level=\count297
)
LaTeX Info: Redefining \ref on input line 64.
LaTeX Info: Redefining \pageref on input line 64.
LaTeX Info: Redefining \nameref on input line 64.
(./final-report.out) (./final-report.out)
\@outlinefile=\write3
\openout3 = `final-report.out'.

LaTeX Font Info:    Trying to load font information for OT1+lmr on input line 6
6.

(c:/Users/Administrator/AppData/Roaming/TinyTeX/texmf-dist/tex/latex/lm/ot1lmr.
fd
File: ot1lmr.fd 2009/10/30 v1.6 Font defs for Latin Modern
)
LaTeX Font Info:    Trying to load font information for OML+lmm on input line 6
6.

(c:/Users/Administrator/AppData/Roaming/TinyTeX/texmf-dist/tex/latex/lm/omllmm.
fd
File: omllmm.fd 2009/10/30 v1.6 Font defs for Latin Modern
)
LaTeX Font Info:    Trying to load font information for OMS+lmsy on input line 
66.

(c:/Users/Administrator/AppData/Roaming/TinyTeX/texmf-dist/tex/latex/lm/omslmsy
.fd
File: omslmsy.fd 2009/10/30 v1.6 Font defs for Latin Modern
)
LaTeX Font Info:    Trying to load font information for OMX+lmex on input line 
66.

(c:/Users/Administrator/AppData/Roaming/TinyTeX/texmf-dist/tex/latex/lm/omxlmex
.fd
File: omxlmex.fd 2009/10/30 v1.6 Font defs for Latin Modern
)
LaTeX Font Info:    External font `lmex10' loaded for size
(Font)              <12.045> on input line 66.
LaTeX Font Info:    External font `lmex10' loaded for size
(Font)              <8> on input line 66.
LaTeX Font Info:    External font `lmex10' loaded for size
(Font)              <6> on input line 66.
LaTeX Font Info:    Trying to load font information for U+msa on input line 66.


(c:/Users/Administrator/AppData/Roaming/TinyTeX/texmf-dist/tex/latex/amsfonts/u
msa.fd
File: umsa.fd 2013/01/14 v3.01 AMS symbols A
)
LaTeX Font Info:    Trying to load font information for U+msb on input line 66.


(c:/Users/Administrator/AppData/Roaming/TinyTeX/texmf-dist/tex/latex/amsfonts/u
msb.fd
File: umsb.fd 2013/01/14 v3.01 AMS symbols B
) (./final-report.toc
LaTeX Font Info:    External font `lmex10' loaded for size
(Font)              <10.53937> on input line 2.
LaTeX Font Info:    External font `lmex10' loaded for size
(Font)              <7> on input line 2.
LaTeX Font Info:    External font `lmex10' loaded for size
(Font)              <5> on input line 2.
[1

])
\tf@toc=\write4
\openout4 = `final-report.toc'.

Missing character: There is no   in font [lmroman10-regular]:mapping=tex-text;!
Missing character: There is no   in font [lmroman10-regular]:mapping=tex-text;!
Missing character: There is no   in font [lmroman10-regular]:mapping=tex-text;!
Missing character: There is no   in font [lmroman10-regular]:mapping=tex-text;!
Missing character: There is no   in font [lmroman10-regular]:mapping=tex-text;!
Missing character: There is no   in font [lmroman10-regular]:mapping=tex-text;!
Missing character: There is no   in font [lmroman10-regular]:mapping=tex-text;!
Missing character: There is no   in font [lmroman10-regular]:mapping=tex-text;!
LaTeX Font Info:    Font shape `TU/SimSun(0)/m/sl' in size <10.53937> not avail
able
(Font)              Font shape `TU/SimSun(0)/m/it' tried instead on input line 
88.
[2]
Missing character: There is no   in font [lmroman10-regular]:mapping=tex-text;!
Missing character: There is no   in font [lmroman10-regular]:mapping=tex-text;!
Missing character: There is no   in font [lmroman10-regular]:mapping=tex-text;!
Missing character: There is no   in font [lmroman10-regular]:mapping=tex-text;!
Missing character: There is no   in font [lmroman10-regular]:mapping=tex-text;!
Missing character: There is no   in font [lmroman10-regular]:mapping=tex-text;!
File: D:/1wxf/project-alien-adventure/final repo/pic/2.1.png Graphic file (type
 bmp)
<D:/1wxf/project-alien-adventure/final repo/pic/2.1.png>
[3]
Missing character: There is no   in font [lmroman10-regular]:mapping=tex-text;!
Missing character: There is no   in font [lmroman10-regular]:mapping=tex-text;!
File: D:/1wxf/project-alien-adventure/final repo/pic/2.2.png Graphic file (type
 bmp)
<D:/1wxf/project-alien-adventure/final repo/pic/2.2.png>
[4]
Missing character: There is no   in font [lmroman10-regular]:mapping=tex-text;!
Missing character: There is no   in font [lmroman10-regular]:mapping=tex-text;!
File: D:/1wxf/project-alien-adventure/final repo/pic/2.3.png Graphic file (type
 bmp)
<D:/1wxf/project-alien-adventure/final repo/pic/2.3.png>
[5]
Missing character: There is no   in font [lmroman10-regular]:mapping=tex-text;!
Missing character: There is no   in font [lmroman10-regular]:mapping=tex-text;!
Missing character: There is no   in font [lmroman10-regular]:mapping=tex-text;!
Missing character: There is no   in font [lmroman10-regular]:mapping=tex-text;!
[6]
Missing character: There is no   in font [lmroman10-regular]:mapping=tex-text;!
Missing character: There is no   in font [lmroman10-regular]:mapping=tex-text;!
Missing character: There is no   in font [lmroman10-regular]:mapping=tex-text;!
Missing character: There is no   in font [lmroman10-regular]:mapping=tex-text;!
[7]
Missing character: There is no   in font [lmroman10-regular]:mapping=tex-text;!
Missing character: There is no   in font [lmroman10-regular]:mapping=tex-text;!
Missing character: There is no   in font [lmroman10-regular]:mapping=tex-text;!
Missing character: There is no   in font [lmroman10-regular]:mapping=tex-text;!
File: D:/1wxf/project-alien-adventure/final repo/pic/4.1.png Graphic file (type
 bmp)
<D:/1wxf/project-alien-adventure/final repo/pic/4.1.png>
[8]
Missing character: There is no   in font [lmroman10-regular]:mapping=tex-text;!
Missing character: There is no   in font [lmroman10-regular]:mapping=tex-text;!
Missing character: There is no   in font [lmroman10-regular]:mapping=tex-text;!
Missing character: There is no   in font [lmroman10-regular]:mapping=tex-text;!
[9]
File: D:/1wxf/project-alien-adventure/final repo/pic/4.2.png Graphic file (type
 bmp)
<D:/1wxf/project-alien-adventure/final repo/pic/4.2.png>
Missing character: There is no   in font [lmroman10-regular]:mapping=tex-text;!
Missing character: There is no   in font [lmroman10-regular]:mapping=tex-text;!
[10]
Missing character: There is no   in font [lmroman10-regular]:mapping=tex-text;!
Missing character: There is no   in font [lmroman10-regular]:mapping=tex-text;!
Missing character: There is no   in font [lmroman10-regular]:mapping=tex-text;!
Missing character: There is no   in font [lmroman10-regular]:mapping=tex-text;!

Underfull \hbox (badness 10000) in paragraph at lines 179--181
[]\TU/lmr/m/n/10.53937   ARIMA |\TU/SimSun(0)/m/n/10.53937 （\TU/lmr/m/n/10.5393
7 1\TU/SimSun(0)/m/n/10.53937 ，| \TU/lmr/m/n/10.53937 2\TU/SimSun(0)/m/n/10.539
37 ，| \TU/lmr/m/n/10.53937 2\TU/SimSun(0)/m/n/10.53937 ）|  虽 然 系 数 显 著，|  但 是 模
 型 不 可 逆，|  舍
 []

Missing character: There is no   in font [lmroman10-regular]:mapping=tex-text;!
Missing character: There is no   in font [lmroman10-regular]:mapping=tex-text;!
Missing character: There is no   in font [lmroman10-regular]:mapping=tex-text;!
Missing character: There is no   in font [lmroman10-regular]:mapping=tex-text;!
File: D:/1wxf/project-alien-adventure/final repo/pic/4.3.png Graphic file (type
 bmp)
<D:/1wxf/project-alien-adventure/final repo/pic/4.3.png>
[11]
Missing character: There is no   in font [lmroman10-regular]:mapping=tex-text;!
Missing character: There is no   in font [lmroman10-regular]:mapping=tex-text;!
[12]
Missing character: There is no   in font [lmroman10-regular]:mapping=tex-text;!
Missing character: There is no   in font [lmroman10-regular]:mapping=tex-text;!
Missing character: There is no   in font [lmroman10-regular]:mapping=tex-text;!
Missing character: There is no   in font [lmroman10-regular]:mapping=tex-text;!
Missing character: There is no   in font [lmroman10-regular]:mapping=tex-text;!
Missing character: There is no   in font [lmroman10-regular]:mapping=tex-text;!
Missing character: There is no   in font [lmroman10-regular]:mapping=tex-text;!
Missing character: There is no   in font [lmroman10-regular]:mapping=tex-text;!
Missing character: There is no ① in font [lmroman10-bold]:mapping=tex-text;!
Missing character: There is no   in font [lmroman10-regular]:mapping=tex-text;!
Missing character: There is no   in font [lmroman10-regular]:mapping=tex-text;!
Missing character: There is no   in font [lmroman10-regular]:mapping=tex-text;!
Missing character: There is no   in font [lmroman10-regular]:mapping=tex-text;!
Missing character: There is no ② in font [lmroman10-bold]:mapping=tex-text;!
Missing character: There is no   in font [lmroman10-regular]:mapping=tex-text;!
Missing character: There is no   in font [lmroman10-regular]:mapping=tex-text;!

Overfull \hbox (10.8123pt too wide) in paragraph at lines 225--226
[]\TU/lmr/m/n/10.53937    \TU/SimSun(0)/m/n/10.53937 令 $\OML/lmm/m/it/10.53937 
x[]$ \TU/SimSun(0)/m/n/10.53937 为 $\OML/lmm/m/it/10.53937 x[]$ \TU/SimSun(0)/m/
n/10.53937 的 一 次 累 加 序 列，|  则 $\OML/lmm/m/it/10.53937 x[] \OT1/lmr/m/n/10.53937
 = (\OML/lmm/m/it/10.53937 x[]\OT1/lmr/m/n/10.53937 (1)\OML/lmm/m/it/10.53937 ;
 x[]\OT1/lmr/m/n/10.53937 (2)\OML/lmm/m/it/10.53937 ; :::; x[]\OT1/lmr/m/n/10.5
3937 (\OML/lmm/m/it/10.53937 n\OT1/lmr/m/n/10.53937 ))$\TU/SimSun(0)/m/n/10.539
37 ，|
 []


Overfull \hbox (15.32538pt too wide) has occurred while \output is active
\TU/lmr/m/sl/10.53937 5 5 \TU/SimSun(0)/m/it/10.53937 基 于 灰 色 系 统 \TU/lmr/m/sl/
10.53937 GM |\TU/SimSun(0)/m/it/10.53937 （\TU/lmr/m/sl/10.53937 1,1\TU/SimSun(0
)/m/it/10.53937 ）|  模 型 分 析 \TU/lmr/m/sl/10.53937 2019-NCOV \TU/SimSun(0)/m/it/
10.53937 对 意 大 利 旅 游 经 济 的 影 响 \TU/lmr/m/n/10.53937 13
 []

[13]
Missing character: There is no ③ in font [lmroman10-bold]:mapping=tex-text;!
Missing character: There is no   in font [lmroman10-regular]:mapping=tex-text;!
Missing character: There is no   in font [lmroman10-regular]:mapping=tex-text;!

Overfull \hbox (15.71838pt too wide) in paragraph at lines 230--231
[]\TU/lmr/m/n/10.53937    \TU/SimSun(0)/m/n/10.53937 令 $\OML/lmm/m/it/10.53937 
z[]$ \TU/SimSun(0)/m/n/10.53937 为 $\OML/lmm/m/it/10.53937 x[]$ \TU/SimSun(0)/m/
n/10.53937 的 紧 邻 均 值 生 成 序 列，| $\OML/lmm/m/it/10.53937 z[] \OT1/lmr/m/n/10.5393
7 = (\OML/lmm/m/it/10.53937 z[]\OT1/lmr/m/n/10.53937 (1)\OML/lmm/m/it/10.53937 
; z[]\OT1/lmr/m/n/10.53937 (2)\OML/lmm/m/it/10.53937 ; :::; z[]\OT1/lmr/m/n/10.
53937 (\OML/lmm/m/it/10.53937 n\OT1/lmr/m/n/10.53937 ))$\TU/SimSun(0)/m/n/10.53
937 ，|
 []

Missing character: There is no ④ in font [lmroman10-bold]:mapping=tex-text;!
Missing character: There is no   in font [lmroman10-regular]:mapping=tex-text;!
Missing character: There is no   in font [lmroman10-regular]:mapping=tex-text;!
Missing character: There is no   in font [lmroman10-regular]:mapping=tex-text;!
Missing character: There is no   in font [lmroman10-regular]:mapping=tex-text;!
Missing character: There is no   in font [lmroman10-regular]:mapping=tex-text;!
Missing character: There is no   in font [lmroman10-regular]:mapping=tex-text;!
Missing character: There is no ⑤ in font [lmroman10-bold]:mapping=tex-text;!
Missing character: There is no   in font [lmroman10-regular]:mapping=tex-text;!
Missing character: There is no   in font [lmroman10-regular]:mapping=tex-text;!
Missing character: There is no ⑴ in font [lmroman10-bold]:mapping=tex-text;!
Missing character: There is no   in font [lmroman10-regular]:mapping=tex-text;!
Missing character: There is no   in font [lmroman10-regular]:mapping=tex-text;!

Overfull \hbox (15.32538pt too wide) has occurred while \output is active
\TU/lmr/m/sl/10.53937 5 5 \TU/SimSun(0)/m/it/10.53937 基 于 灰 色 系 统 \TU/lmr/m/sl/
10.53937 GM |\TU/SimSun(0)/m/it/10.53937 （\TU/lmr/m/sl/10.53937 1,1\TU/SimSun(0
)/m/it/10.53937 ）|  模 型 分 析 \TU/lmr/m/sl/10.53937 2019-NCOV \TU/SimSun(0)/m/it/
10.53937 对 意 大 利 旅 游 经 济 的 影 响 \TU/lmr/m/n/10.53937 14
 []

[14]
Missing character: There is no ⑵ in font [lmroman10-bold]:mapping=tex-text;!
Missing character: There is no   in font [lmroman10-regular]:mapping=tex-text;!
Missing character: There is no   in font [lmroman10-regular]:mapping=tex-text;!
Missing character: There is no ⑥ in font [lmroman10-bold]:mapping=tex-text;!
Missing character: There is no   in font [lmroman10-regular]:mapping=tex-text;!
Missing character: There is no   in font [lmroman10-regular]:mapping=tex-text;!
Missing character: There is no   in font [lmroman10-regular]:mapping=tex-text;!
Missing character: There is no   in font [lmroman10-regular]:mapping=tex-text;!
Missing character: There is no ） in font rm-lmr10!

Overfull \hbox (120.28992pt too wide) detected at line 267
\OML/lmm/m/it/10.53937 X[] \OT1/lmr/m/n/10.53937 = (2404\OML/lmm/m/it/10.53937 
:\OT1/lmr/m/n/10.53937 70\OML/lmm/m/it/10.53937 ; \OT1/lmr/m/n/10.53937 2388\OM
L/lmm/m/it/10.53937 :\OT1/lmr/m/n/10.53937 09\OML/lmm/m/it/10.53937 ; \OT1/lmr/
m/n/10.53937 2574\OML/lmm/m/it/10.53937 :\OT1/lmr/m/n/10.53937 22\OML/lmm/m/it/
10.53937 ; \OT1/lmr/m/n/10.53937 2671\OML/lmm/m/it/10.53937 :\OT1/lmr/m/n/10.53
937 31\OML/lmm/m/it/10.53937 ; \OT1/lmr/m/n/10.53937 2757\OML/lmm/m/it/10.53937
 :\OT1/lmr/m/n/10.53937 81\OML/lmm/m/it/10.53937 ; \OT1/lmr/m/n/10.53937 2853\O
ML/lmm/m/it/10.53937 :\OT1/lmr/m/n/10.53937 37\OML/lmm/m/it/10.53937 ; \OT1/lmr
/m/n/10.53937 2962\OML/lmm/m/it/10.53937 :\OT1/lmr/m/n/10.53937 99\OML/lmm/m/it
/10.53937 ; \OT1/lmr/m/n/10.53937 3029\OML/lmm/m/it/10.53937 :\OT1/lmr/m/n/10.5
3937 93\OML/lmm/m/it/10.53937 ; \OT1/lmr/m/n/10.53937 3262\OML/lmm/m/it/10.5393
7 :\OT1/lmr/m/n/10.53937 90\OML/lmm/m/it/10.53937 ; \OT1/lmr/m/n/10.53937 3476\
OML/lmm/m/it/10.53937 :\OT1/lmr/m/n/10.53937 03\OML/lmm/m/it/10.53937 ; \OT1/lm
r/m/n/10.53937 3691\OML/lmm/m/it/10.53937 :\OT1/lmr/m/n/10.53937 85
 []


Overfull \hbox (166.54614pt too wide) detected at line 268
\OML/lmm/m/it/10.53937 X[] \OT1/lmr/m/n/10.53937 = (2404\OML/lmm/m/it/10.53937 
:\OT1/lmr/m/n/10.53937 70\OML/lmm/m/it/10.53937 ; \OT1/lmr/m/n/10.53937 4842\OM
L/lmm/m/it/10.53937 :\OT1/lmr/m/n/10.53937 79\OML/lmm/m/it/10.53937 ; \OT1/lmr/
m/n/10.53937 7417\OML/lmm/m/it/10.53937 :\OT1/lmr/m/n/10.53937 01\OML/lmm/m/it/
10.53937 ; \OT1/lmr/m/n/10.53937 10088\OML/lmm/m/it/10.53937 :\OT1/lmr/m/n/10.5
3937 32\OML/lmm/m/it/10.53937 ; \OT1/lmr/m/n/10.53937 12846\OML/lmm/m/it/10.539
37 :\OT1/lmr/m/n/10.53937 14\OML/lmm/m/it/10.53937 ; \OT1/lmr/m/n/10.53937 1569
9\OML/lmm/m/it/10.53937 :\OT1/lmr/m/n/10.53937 51\OML/lmm/m/it/10.53937 ; \OT1/
lmr/m/n/10.53937 18662\OML/lmm/m/it/10.53937 :\OT1/lmr/m/n/10.53937 49\OML/lmm/
m/it/10.53937 ; \OT1/lmr/m/n/10.53937 21692\OML/lmm/m/it/10.53937 :\OT1/lmr/m/n
/10.53937 43\OML/lmm/m/it/10.53937 ; \OT1/lmr/m/n/10.53937 24955\OML/lmm/m/it/1
0.53937 :\OT1/lmr/m/n/10.53937 33\OML/lmm/m/it/10.53937 ; \OT1/lmr/m/n/10.53937
 24831\OML/lmm/m/it/10.53937 :\OT1/lmr/m/n/10.53937 35\OML/lmm/m/it/10.53937 ; 
\OT1/lmr/m/n/10.53937 32133\OML/lmm/m/it/10.53937 :\OT1/lmr/m/n/10.53937 21)
 []

Missing character: There is no   in font [lmroman10-regular]:mapping=tex-text;!
Missing character: There is no   in font [lmroman10-regular]:mapping=tex-text;!

Overfull \hbox (170.20564pt too wide) detected at line 271
\OML/lmm/m/it/10.53937 Z[] \OT1/lmr/m/n/10.53937 = (3623\OML/lmm/m/it/10.53937 
:\OT1/lmr/m/n/10.53937 75\OML/lmm/m/it/10.53937 ; \OT1/lmr/m/n/10.53937 6129\OM
L/lmm/m/it/10.53937 :\OT1/lmr/m/n/10.53937 90\OML/lmm/m/it/10.53937 ; \OT1/lmr/
m/n/10.53937 8752\OML/lmm/m/it/10.53937 :\OT1/lmr/m/n/10.53937 67\OML/lmm/m/it/
10.53937 ; \OT1/lmr/m/n/10.53937 11467\OML/lmm/m/it/10.53937 :\OT1/lmr/m/n/10.5
3937 23\OML/lmm/m/it/10.53937 ; \OT1/lmr/m/n/10.53937 14272\OML/lmm/m/it/10.539
37 :\OT1/lmr/m/n/10.53937 82\OML/lmm/m/it/10.53937 ; \OT1/lmr/m/n/10.53937 1718
1\OML/lmm/m/it/10.53937 :\OT1/lmr/m/n/10.53937 00\OML/lmm/m/it/10.53937 ; \OT1/
lmr/m/n/10.53937 20177\OML/lmm/m/it/10.53937 :\OT1/lmr/m/n/10.53937 46\OML/lmm/
m/it/10.53937 ; \OT1/lmr/m/n/10.53937 23323\OML/lmm/m/it/10.53937 :\OT1/lmr/m/n
/10.53937 88\OML/lmm/m/it/10.53937 ; \OT1/lmr/m/n/10.53937 266693\OML/lmm/m/it/
10.53937 :\OT1/lmr/m/n/10.53937 34\OML/lmm/m/it/10.53937 ; \OT1/lmr/m/n/10.5393
7 30277\OML/lmm/m/it/10.53937 :\OT1/lmr/m/n/10.53937 28\OML/lmm/m/it/10.53937 ;
 \OT1/lmr/m/n/10.53937 32123\OML/lmm/m/it/10.53937 :\OT1/lmr/m/n/10.53937 21)
 []

Missing character: There is no   in font [lmroman10-regular]:mapping=tex-text;!
Missing character: There is no   in font [lmroman10-regular]:mapping=tex-text;!
Missing character: There is no   in font [lmroman10-regular]:mapping=tex-text;!
Missing character: There is no   in font [lmroman10-regular]:mapping=tex-text;!
Missing character: There is no   in font [lmroman10-regular]:mapping=tex-text;!
Missing character: There is no   in font [lmroman10-regular]:mapping=tex-text;!
Missing character: There is no 百 in font rm-lmr10!
Missing character: There is no 万 in font rm-lmr10!
Missing character: There is no ） in font rm-lmr10!

Overfull \hbox (15.32538pt too wide) has occurred while \output is active
\TU/lmr/m/sl/10.53937 5 5 \TU/SimSun(0)/m/it/10.53937 基 于 灰 色 系 统 \TU/lmr/m/sl/
10.53937 GM |\TU/SimSun(0)/m/it/10.53937 （\TU/lmr/m/sl/10.53937 1,1\TU/SimSun(0
)/m/it/10.53937 ）|  模 型 分 析 \TU/lmr/m/sl/10.53937 2019-NCOV \TU/SimSun(0)/m/it/
10.53937 对 意 大 利 旅 游 经 济 的 影 响 \TU/lmr/m/n/10.53937 15
 []

[15]
File: D:/1wxf/project-alien-adventure/final repo/pic/5.1.png Graphic file (type
 bmp)
<D:/1wxf/project-alien-adventure/final repo/pic/5.1.png>
Missing character: There is no   in font [lmroman10-regular]:mapping=tex-text;!
Missing character: There is no   in font [lmroman10-regular]:mapping=tex-text;!

Overfull \hbox (86.12106pt too wide) detected at line 283
\OML/lmm/m/it/10.53937 u \OT1/lmr/m/n/10.53937 = (0\OML/lmm/m/it/10.53937 :\OT1
/lmr/m/n/10.53937 0511\OML/lmm/m/it/10.53937 ; \OT1/lmr/m/n/10.53937 0\OML/lmm/
m/it/10.53937 :\OT1/lmr/m/n/10.53937 0459\OML/lmm/m/it/10.53937 ; \OT1/lmr/m/n/
10.53937 0\OML/lmm/m/it/10.53937 :\OT1/lmr/m/n/10.53937 0606\OML/lmm/m/it/10.53
937 ; \OT1/lmr/m/n/10.53937 0\OML/lmm/m/it/10.53937 :\OT1/lmr/m/n/10.53937 0759
\OML/lmm/m/it/10.53937 ; \OT1/lmr/m/n/10.53937 0\OML/lmm/m/it/10.53937 :\OT1/lm
r/m/n/10.53937 0934\OML/lmm/m/it/10.53937 ; \OT1/lmr/m/n/10.53937 0\OML/lmm/m/i
t/10.53937 :\OT1/lmr/m/n/10.53937 1056\OML/lmm/m/it/10.53937 ; \OT1/lmr/m/n/10.
53937 0\OML/lmm/m/it/10.53937 :\OT1/lmr/m/n/10.53937 1363\OML/lmm/m/it/10.53937
 ; \OT1/lmr/m/n/10.53937 0\OML/lmm/m/it/10.53937 :\OT1/lmr/m/n/10.53937 1313\OM
L/lmm/m/it/10.53937 ; \OT1/lmr/m/n/10.53937 0\OML/lmm/m/it/10.53937 :\OT1/lmr/m
/n/10.53937 1095\OML/lmm/m/it/10.53937 ; \OT1/lmr/m/n/10.53937 0\OML/lmm/m/it/1
0.53937 :\OT1/lmr/m/n/10.53937 0868\OML/lmm/m/it/10.53937 ; \OT1/lmr/m/n/10.539
37 0\OML/lmm/m/it/10.53937 :\OT1/lmr/m/n/10.53937 0539\OML/lmm/m/it/10.53937 ; 
\OT1/lmr/m/n/10.53937 0\OML/lmm/m/it/10.53937 :\OT1/lmr/m/n/10.53937 0496)
 []

Missing character: There is no   in font [lmroman10-regular]:mapping=tex-text;!
Missing character: There is no   in font [lmroman10-regular]:mapping=tex-text;!

Overfull \hbox (15.32538pt too wide) has occurred while \output is active
\TU/lmr/m/sl/10.53937 5 5 \TU/SimSun(0)/m/it/10.53937 基 于 灰 色 系 统 \TU/lmr/m/sl/
10.53937 GM |\TU/SimSun(0)/m/it/10.53937 （\TU/lmr/m/sl/10.53937 1,1\TU/SimSun(0
)/m/it/10.53937 ）|  模 型 分 析 \TU/lmr/m/sl/10.53937 2019-NCOV \TU/SimSun(0)/m/it/
10.53937 对 意 大 利 旅 游 经 济 的 影 响 \TU/lmr/m/n/10.53937 16
 []

[16]
File: D:/1wxf/project-alien-adventure/final repo/pic/表2.png Graphic file (type 
bmp)
<D:/1wxf/project-alien-adventure/final repo/pic/表2.png>
Missing character: There is no   in font [lmroman10-regular]:mapping=tex-text;!
Missing character: There is no   in font [lmroman10-regular]:mapping=tex-text;!

Overfull \hbox (15.32538pt too wide) has occurred while \output is active
\TU/lmr/m/sl/10.53937 5 5 \TU/SimSun(0)/m/it/10.53937 基 于 灰 色 系 统 \TU/lmr/m/sl/
10.53937 GM |\TU/SimSun(0)/m/it/10.53937 （\TU/lmr/m/sl/10.53937 1,1\TU/SimSun(0
)/m/it/10.53937 ）|  模 型 分 析 \TU/lmr/m/sl/10.53937 2019-NCOV \TU/SimSun(0)/m/it/
10.53937 对 意 大 利 旅 游 经 济 的 影 响 \TU/lmr/m/n/10.53937 17
 []

[17]
Missing character: There is no   in font [lmroman10-regular]:mapping=tex-text;!
Missing character: There is no   in font [lmroman10-regular]:mapping=tex-text;!
Missing character: There is no   in font [lmroman10-regular]:mapping=tex-text;!
Missing character: There is no   in font [lmroman10-regular]:mapping=tex-text;!
Missing character: There is no   in font [lmroman10-regular]:mapping=tex-text;!
Missing character: There is no   in font [lmroman10-regular]:mapping=tex-text;!
Missing character: There is no   in font [lmroman10-regular]:mapping=tex-text;!
Missing character: There is no   in font [lmroman10-regular]:mapping=tex-text;!
Missing character: There is no   in font [lmroman10-regular]:mapping=tex-text;!
Missing character: There is no   in font [lmroman10-regular]:mapping=tex-text;!
[18]
Package atveryend Info: Empty hook `BeforeClearDocument' on input line 321.
[19]
Package atveryend Info: Empty hook `AfterLastShipout' on input line 321.
(./final-report.aux)
Package atveryend Info: Empty hook `AtVeryEndDocument' on input line 321.
Package atveryend Info: Executing hook `AtEndAfterFileList' on input line 321.
Package rerunfilecheck Info: File `final-report.out' has not changed.
(rerunfilecheck)             Checksum: 3B6F361C8C80BAF215DB0D6B4C54CFCD;2817.
Package atveryend Info: Empty hook `AtVeryVeryEnd' on input line 321.
 ) 
Here is how much of TeX's memory you used:
 20915 strings out of 481276
 428977 string characters out of 5922774
 667772 words of memory out of 5000000
 38101 multiletter control sequences out of 15000+600000
 557261 words of font info for 90 fonts, out of 8000000 for 9000
 14 hyphenation exceptions out of 8191
 57i,8n,72p,529b,398s stack positions out of 5000i,500n,10000p,200000b,80000s

Output written on final-report.pdf (19 pages).
