This is pdfTeX, Version 3.14159265-2.6-1.40.21 (TeX Live 2020/W32TeX) (preloaded format=pdflatex 2020.6.10)  25 JUN 2020 12:09
entering extended mode
 restricted \write18 enabled.
 %&-line parsing enabled.
**Final-report4.tex
(./Final-report4.tex
LaTeX2e <2020-02-02> patch level 5
L3 programming layer <2020-06-03>
(c:/Users/Administrator/AppData/Roaming/TinyTeX/texmf-dist/tex/latex/ctex/ctexa
rt.cls
(c:/Users/Administrator/AppData/Roaming/TinyTeX/texmf-dist/tex/latex/ctex/confi
g/ctexbackend.cfg
File: ctexbackend.cfg 2020/06/06 v2.5.3 Backend configuration file (CTEX)
)
(c:/Users/Administrator/AppData/Roaming/TinyTeX/texmf-dist/tex/latex/l3kernel/e
xpl3.sty
Package: expl3 2020-06-03 L3 programming layer (loader) 

(c:/Users/Administrator/AppData/Roaming/TinyTeX/texmf-dist/tex/latex/l3backend/
l3backend-pdfmode.def
File: l3backend-pdfmode.def 2020-06-03 L3 backend support: PDF mode
\l__kernel_color_stack_int=\count167
\l__pdf_internal_box=\box45
))
Document Class: ctexart 2020/06/06 v2.5.3 Chinese adapter for class article (CT
EX)

(c:/Users/Administrator/AppData/Roaming/TinyTeX/texmf-dist/tex/latex/l3packages
/xparse/xparse.sty
Package: xparse 2020-05-15 L3 Experimental document command parser

(c:/Users/Administrator/AppData/Roaming/TinyTeX/texmf-dist/tex/latex/l3packages
/xparse/xparse-generic.tex
\l__xparse_current_arg_int=\count168
\g__xparse_grabber_int=\count169
\l__xparse_m_args_int=\count170
\l__xparse_v_nesting_int=\count171
))
(c:/Users/Administrator/AppData/Roaming/TinyTeX/texmf-dist/tex/latex/l3packages
/l3keys2e/l3keys2e.sty
Package: l3keys2e 2020-05-15 LaTeX2e option processing using LaTeX3 keys
)
(c:/Users/Administrator/AppData/Roaming/TinyTeX/texmf-dist/tex/latex/ctex/ctexh
ook.sty
Package: ctexhook 2020/06/06 v2.5.3 Document and package hooks (CTEX)
)
(c:/Users/Administrator/AppData/Roaming/TinyTeX/texmf-dist/tex/latex/ctex/ctexp
atch.sty
Package: ctexpatch 2020/06/06 v2.5.3 Patching commands (CTEX)
)
(c:/Users/Administrator/AppData/Roaming/TinyTeX/texmf-dist/tex/latex/base/fix-c
m.sty
Package: fix-cm 2015/01/14 v1.1t fixes to LaTeX

(c:/Users/Administrator/AppData/Roaming/TinyTeX/texmf-dist/tex/latex/base/ts1en
c.def
File: ts1enc.def 2001/06/05 v3.0e (jk/car/fm) Standard LaTeX file
LaTeX Font Info:    Redeclaring font encoding TS1 on input line 47.
))
(c:/Users/Administrator/AppData/Roaming/TinyTeX/texmf-dist/tex/latex/ms/everyse
l.sty
Package: everysel 2011/10/28 v1.2 EverySelectfont Package (MS)
)
\l__ctex_tmp_int=\count172
\l__ctex_tmp_box=\box46
\l__ctex_tmp_dim=\dimen134
\g__ctex_section_depth_int=\count173
\g__ctex_font_size_int=\count174

(c:/Users/Administrator/AppData/Roaming/TinyTeX/texmf-dist/tex/latex/ctex/confi
g/ctexopts.cfg
File: ctexopts.cfg 2020/06/06 v2.5.3 Option configuration file (CTEX)
)

Package ctex Warning: UTF8 will be used as the default encoding.


(c:/Users/Administrator/AppData/Roaming/TinyTeX/texmf-dist/tex/latex/base/artic
le.cls
Document Class: article 2019/12/20 v1.4l Standard LaTeX document class

(c:/Users/Administrator/AppData/Roaming/TinyTeX/texmf-dist/tex/latex/base/size1
0.clo
File: size10.clo 2019/12/20 v1.4l Standard LaTeX file (size option)
)
\c@part=\count175
\c@section=\count176
\c@subsection=\count177
\c@subsubsection=\count178
\c@paragraph=\count179
\c@subparagraph=\count180
\c@figure=\count181
\c@table=\count182
\abovecaptionskip=\skip47
\belowcaptionskip=\skip48
\bibindent=\dimen135
)
(c:/Users/Administrator/AppData/Roaming/TinyTeX/texmf-dist/tex/latex/ctex/engin
e/ctex-engine-pdftex.def
File: ctex-engine-pdftex.def 2020/06/06 v2.5.3 (pdf)LaTeX adapter (CTEX)

(c:/Users/Administrator/AppData/Roaming/TinyTeX/texmf-dist/tex/latex/cjk/texinp
ut/CJKutf8.sty
Package: CJKutf8 2015/04/18 4.8.4

(c:/Users/Administrator/AppData/Roaming/TinyTeX/texmf-dist/tex/generic/iftex/if
pdf.sty
Package: ifpdf 2019/10/25 v3.4 ifpdf legacy package. Use iftex instead.

(c:/Users/Administrator/AppData/Roaming/TinyTeX/texmf-dist/tex/generic/iftex/if
tex.sty
Package: iftex 2020/03/06 v1.0d TeX engine tests
))
(c:/Users/Administrator/AppData/Roaming/TinyTeX/texmf-dist/tex/latex/base/input
enc.sty
Package: inputenc 2018/08/11 v1.3c Input encoding file
\inpenc@prehook=\toks15
\inpenc@posthook=\toks16
)
(c:/Users/Administrator/AppData/Roaming/TinyTeX/texmf-dist/tex/latex/cjk/texinp
ut/CJK.sty
Package: CJK 2015/04/18 4.8.4

(c:/Users/Administrator/AppData/Roaming/TinyTeX/texmf-dist/tex/latex/cjk/texinp
ut/mule/MULEenc.sty
Package: MULEenc 2015/04/18 4.8.4
)
(c:/Users/Administrator/AppData/Roaming/TinyTeX/texmf-dist/tex/latex/cjk/texinp
ut/CJK.enc
File: CJK.enc 2015/04/18 4.8.4
Now handling font encoding C00 ...
... no UTF-8 mapping file for font encoding C00
Now handling font encoding C05 ...
... no UTF-8 mapping file for font encoding C05
Now handling font encoding C09 ...
... no UTF-8 mapping file for font encoding C09
Now handling font encoding C10 ...
... no UTF-8 mapping file for font encoding C10
Now handling font encoding C20 ...
... no UTF-8 mapping file for font encoding C20
Now handling font encoding C19 ...
... no UTF-8 mapping file for font encoding C19
Now handling font encoding C40 ...
... no UTF-8 mapping file for font encoding C40
Now handling font encoding C42 ...
... no UTF-8 mapping file for font encoding C42
Now handling font encoding C43 ...
... no UTF-8 mapping file for font encoding C43
Now handling font encoding C50 ...
... no UTF-8 mapping file for font encoding C50
Now handling font encoding C52 ...
... no UTF-8 mapping file for font encoding C52
Now handling font encoding C49 ...
... no UTF-8 mapping file for font encoding C49
Now handling font encoding C60 ...
... no UTF-8 mapping file for font encoding C60
Now handling font encoding C61 ...
... no UTF-8 mapping file for font encoding C61
Now handling font encoding C63 ...
... no UTF-8 mapping file for font encoding C63
Now handling font encoding C64 ...
... no UTF-8 mapping file for font encoding C64
Now handling font encoding C65 ...
... no UTF-8 mapping file for font encoding C65
Now handling font encoding C70 ...
... no UTF-8 mapping file for font encoding C70
Now handling font encoding C31 ...
... no UTF-8 mapping file for font encoding C31
Now handling font encoding C32 ...
... no UTF-8 mapping file for font encoding C32
Now handling font encoding C33 ...
... no UTF-8 mapping file for font encoding C33
Now handling font encoding C34 ...
... no UTF-8 mapping file for font encoding C34
Now handling font encoding C35 ...
... no UTF-8 mapping file for font encoding C35
Now handling font encoding C36 ...
... no UTF-8 mapping file for font encoding C36
Now handling font encoding C37 ...
... no UTF-8 mapping file for font encoding C37
Now handling font encoding C80 ...
... no UTF-8 mapping file for font encoding C80
Now handling font encoding C81 ...
... no UTF-8 mapping file for font encoding C81
Now handling font encoding C01 ...
... no UTF-8 mapping file for font encoding C01
Now handling font encoding C11 ...
... no UTF-8 mapping file for font encoding C11
Now handling font encoding C21 ...
... no UTF-8 mapping file for font encoding C21
Now handling font encoding C41 ...
... no UTF-8 mapping file for font encoding C41
Now handling font encoding C62 ...
... no UTF-8 mapping file for font encoding C62
)
LaTeX Info: Redefining \selectfont on input line 755.
\CJK@indent=\box47
)
(c:/Users/Administrator/AppData/Roaming/TinyTeX/texmf-dist/tex/latex/base/fonte
nc.sty
Package: fontenc 2020/02/11 v2.0o Standard LaTeX package
))
(c:/Users/Administrator/AppData/Roaming/TinyTeX/texmf-dist/tex/latex/cjkpunct/C
JKpunct.sty
Package: CJKpunct 2016/05/14 4.8.4
\CJKpunct@cnta=\count183
\CJKpunct@cntb=\count184
\CJKpunct@cntc=\count185
\CJKpunct@cntd=\count186
\CJKpunct@cnte=\count187
   defining Unicode char U+2018 (decimal 8216)
   defining Unicode char U+2019 (decimal 8217)
   defining Unicode char U+201C (decimal 8220)
   defining Unicode char U+201D (decimal 8221)
   defining Unicode char U+2014 (decimal 8212)
   defining Unicode char U+2026 (decimal 8230)

(c:/Users/Administrator/AppData/Roaming/TinyTeX/texmf-dist/tex/latex/cjkpunct/C
JKpunct.spa))
(c:/Users/Administrator/AppData/Roaming/TinyTeX/texmf-dist/tex/latex/cjk/texinp
ut/CJKspace.sty
Package: CJKspace 2015/04/18 3.8.0
)
(c:/Users/Administrator/AppData/Roaming/TinyTeX/texmf-dist/tex/latex/ctex/ctexs
pa.def
File: ctexspa.def 2020/06/06 v2.5.3 Space info for CJKpunct (CTEX)
)
\ccwd=\dimen136
\l__ctex_ccglue_skip=\skip49
)
\l__ctex_ziju_dim=\dimen137

(c:/Users/Administrator/AppData/Roaming/TinyTeX/texmf-dist/tex/latex/zhnumber/z
hnumber.sty
Package: zhnumber 2020/05/01 v2.8 Typesetting numbers with Chinese glyphs
\l__zhnum_scale_int=\count188
\l__zhnum_byte_min_int=\count189
\l__zhnum_byte_max_int=\count190

(c:/Users/Administrator/AppData/Roaming/TinyTeX/texmf-dist/tex/latex/zhnumber/z
hnumber-utf8.cfg
File: zhnumber-utf8.cfg 2020/05/01 v2.8 Chinese numerals with UTF8 encoding
))
\l__ctex_heading_skip=\skip50

(c:/Users/Administrator/AppData/Roaming/TinyTeX/texmf-dist/tex/latex/ctex/schem
e/ctex-scheme-chinese-article.def
File: ctex-scheme-chinese-article.def 2020/06/06 v2.5.3 Chinese scheme for arti
cle (CTEX)

(c:/Users/Administrator/AppData/Roaming/TinyTeX/texmf-dist/tex/latex/ctex/confi
g/ctex-name-utf8.cfg
File: ctex-name-utf8.cfg 2020/06/06 v2.5.3 Caption with encoding UTF-8 (CTEX)
))
(c:/Users/Administrator/AppData/Roaming/TinyTeX/texmf-dist/tex/latex/ctex/ctex-
c5size.clo
File: ctex-c5size.clo 2020/06/06 v2.5.3 c5size option (CTEX)
)
(c:/Users/Administrator/AppData/Roaming/TinyTeX/texmf-dist/tex/latex/ctex/fonts
et/ctex-fontset-windows.def
File: ctex-fontset-windows.def 2020/06/06 v2.5.3 Windows fonts definition (CTEX
)
))
(c:/Users/Administrator/AppData/Roaming/TinyTeX/texmf-dist/tex/latex/ctex/confi
g/ctex.cfg
File: ctex.cfg 2020/06/06 v2.5.3 Configuration file (CTEX)
)
(c:/Users/Administrator/AppData/Roaming/TinyTeX/texmf-dist/tex/latex/lm/lmodern
.sty
Package: lmodern 2009/10/30 v1.6 Latin Modern Fonts
LaTeX Font Info:    Overwriting symbol font `operators' in version `normal'
(Font)                  OT1/cmr/m/n --> OT1/lmr/m/n on input line 22.
LaTeX Font Info:    Overwriting symbol font `letters' in version `normal'
(Font)                  OML/cmm/m/it --> OML/lmm/m/it on input line 23.
LaTeX Font Info:    Overwriting symbol font `symbols' in version `normal'
(Font)                  OMS/cmsy/m/n --> OMS/lmsy/m/n on input line 24.
LaTeX Font Info:    Overwriting symbol font `largesymbols' in version `normal'
(Font)                  OMX/cmex/m/n --> OMX/lmex/m/n on input line 25.
LaTeX Font Info:    Overwriting symbol font `operators' in version `bold'
(Font)                  OT1/cmr/bx/n --> OT1/lmr/bx/n on input line 26.
LaTeX Font Info:    Overwriting symbol font `letters' in version `bold'
(Font)                  OML/cmm/b/it --> OML/lmm/b/it on input line 27.
LaTeX Font Info:    Overwriting symbol font `symbols' in version `bold'
(Font)                  OMS/cmsy/b/n --> OMS/lmsy/b/n on input line 28.
LaTeX Font Info:    Overwriting symbol font `largesymbols' in version `bold'
(Font)                  OMX/cmex/m/n --> OMX/lmex/m/n on input line 29.
LaTeX Font Info:    Overwriting math alphabet `\mathbf' in version `normal'
(Font)                  OT1/cmr/bx/n --> OT1/lmr/bx/n on input line 31.
LaTeX Font Info:    Overwriting math alphabet `\mathsf' in version `normal'
(Font)                  OT1/cmss/m/n --> OT1/lmss/m/n on input line 32.
LaTeX Font Info:    Overwriting math alphabet `\mathit' in version `normal'
(Font)                  OT1/cmr/m/it --> OT1/lmr/m/it on input line 33.
LaTeX Font Info:    Overwriting math alphabet `\mathtt' in version `normal'
(Font)                  OT1/cmtt/m/n --> OT1/lmtt/m/n on input line 34.
LaTeX Font Info:    Overwriting math alphabet `\mathbf' in version `bold'
(Font)                  OT1/cmr/bx/n --> OT1/lmr/bx/n on input line 35.
LaTeX Font Info:    Overwriting math alphabet `\mathsf' in version `bold'
(Font)                  OT1/cmss/bx/n --> OT1/lmss/bx/n on input line 36.
LaTeX Font Info:    Overwriting math alphabet `\mathit' in version `bold'
(Font)                  OT1/cmr/bx/it --> OT1/lmr/bx/it on input line 37.
LaTeX Font Info:    Overwriting math alphabet `\mathtt' in version `bold'
(Font)                  OT1/cmtt/m/n --> OT1/lmtt/m/n on input line 38.
)
(c:/Users/Administrator/AppData/Roaming/TinyTeX/texmf-dist/tex/latex/amsfonts/a
mssymb.sty
Package: amssymb 2013/01/14 v3.01 AMS font symbols

(c:/Users/Administrator/AppData/Roaming/TinyTeX/texmf-dist/tex/latex/amsfonts/a
msfonts.sty
Package: amsfonts 2013/01/14 v3.01 Basic AMSFonts support
\@emptytoks=\toks17
\symAMSa=\mathgroup4
\symAMSb=\mathgroup5
LaTeX Font Info:    Redeclaring math symbol \hbar on input line 98.
LaTeX Font Info:    Overwriting math alphabet `\mathfrak' in version `bold'
(Font)                  U/euf/m/n --> U/euf/b/n on input line 106.
))
(c:/Users/Administrator/AppData/Roaming/TinyTeX/texmf-dist/tex/latex/amsmath/am
smath.sty
Package: amsmath 2020/01/20 v2.17e AMS math features
\@mathmargin=\skip51
For additional information on amsmath, use the `?' option.

(c:/Users/Administrator/AppData/Roaming/TinyTeX/texmf-dist/tex/latex/amsmath/am
stext.sty
Package: amstext 2000/06/29 v2.01 AMS text

(c:/Users/Administrator/AppData/Roaming/TinyTeX/texmf-dist/tex/latex/amsmath/am
sgen.sty
File: amsgen.sty 1999/11/30 v2.0 generic functions
\@emptytoks=\toks18
\ex@=\dimen138
))
(c:/Users/Administrator/AppData/Roaming/TinyTeX/texmf-dist/tex/latex/amsmath/am
sbsy.sty
Package: amsbsy 1999/11/29 v1.2d Bold Symbols
\pmbraise@=\dimen139
)
(c:/Users/Administrator/AppData/Roaming/TinyTeX/texmf-dist/tex/latex/amsmath/am
sopn.sty
Package: amsopn 2016/03/08 v2.02 operator names
)
\inf@bad=\count191
LaTeX Info: Redefining \frac on input line 227.
\uproot@=\count192
\leftroot@=\count193
LaTeX Info: Redefining \overline on input line 389.
\classnum@=\count194
\DOTSCASE@=\count195
LaTeX Info: Redefining \ldots on input line 486.
LaTeX Info: Redefining \dots on input line 489.
LaTeX Info: Redefining \cdots on input line 610.
\Mathstrutbox@=\box48
\strutbox@=\box49
\big@size=\dimen140
LaTeX Font Info:    Redeclaring font encoding OML on input line 733.
LaTeX Font Info:    Redeclaring font encoding OMS on input line 734.
\macc@depth=\count196
\c@MaxMatrixCols=\count197
\dotsspace@=\muskip16
\c@parentequation=\count198
\dspbrk@lvl=\count199
\tag@help=\toks19
\row@=\count266
\column@=\count267
\maxfields@=\count268
\andhelp@=\toks20
\eqnshift@=\dimen141
\alignsep@=\dimen142
\tagshift@=\dimen143
\tagwidth@=\dimen144
\totwidth@=\dimen145
\lineht@=\dimen146
\@envbody=\toks21
\multlinegap=\skip52
\multlinetaggap=\skip53
\mathdisplay@stack=\toks22
LaTeX Info: Redefining \[ on input line 2859.
LaTeX Info: Redefining \] on input line 2860.
)
(c:/Users/Administrator/AppData/Roaming/TinyTeX/texmf-dist/tex/generic/iftex/if
xetex.sty
Package: ifxetex 2019/10/25 v0.7 ifxetex legacy package. Use iftex instead.
)
(c:/Users/Administrator/AppData/Roaming/TinyTeX/texmf-dist/tex/generic/iftex/if
luatex.sty
Package: ifluatex 2019/10/25 v1.5 ifluatex legacy package. Use iftex instead.
)
(c:/Users/Administrator/AppData/Roaming/TinyTeX/texmf-dist/tex/latex/base/fonte
nc.sty
Package: fontenc 2020/02/11 v2.0o Standard LaTeX package
LaTeX Font Info:    Trying to load font information for T1+lmr on input line 11
2.

(c:/Users/Administrator/AppData/Roaming/TinyTeX/texmf-dist/tex/latex/lm/t1lmr.f
d
File: t1lmr.fd 2009/10/30 v1.6 Font defs for Latin Modern
))
(c:/Users/Administrator/AppData/Roaming/TinyTeX/texmf-dist/tex/latex/base/textc
omp.sty
Package: textcomp 2020/02/02 v2.0n Standard LaTeX package
)
(c:/Users/Administrator/AppData/Roaming/TinyTeX/texmf-dist/tex/latex/xcolor/xco
lor.sty
Package: xcolor 2016/05/11 v2.12 LaTeX color extensions (UK)

(c:/Users/Administrator/AppData/Roaming/TinyTeX/texmf-dist/tex/latex/graphics-c
fg/color.cfg
File: color.cfg 2016/01/02 v1.6 sample color configuration
)
Package xcolor Info: Driver file: pdftex.def on input line 225.

(c:/Users/Administrator/AppData/Roaming/TinyTeX/texmf-dist/tex/latex/graphics-d
ef/pdftex.def
File: pdftex.def 2018/01/08 v1.0l Graphics/color driver for pdftex
)
Package xcolor Info: Model `cmy' substituted by `cmy0' on input line 1348.
Package xcolor Info: Model `hsb' substituted by `rgb' on input line 1352.
Package xcolor Info: Model `RGB' extended on input line 1364.
Package xcolor Info: Model `HTML' substituted by `rgb' on input line 1366.
Package xcolor Info: Model `Hsb' substituted by `hsb' on input line 1367.
Package xcolor Info: Model `tHsb' substituted by `hsb' on input line 1368.
Package xcolor Info: Model `HSB' substituted by `hsb' on input line 1369.
Package xcolor Info: Model `Gray' substituted by `gray' on input line 1370.
Package xcolor Info: Model `wave' substituted by `hsb' on input line 1371.
)
(c:/Users/Administrator/AppData/Roaming/TinyTeX/texmf-dist/tex/latex/hyperref/h
yperref.sty
Package: hyperref 2020-05-15 v7.00e Hypertext links for LaTeX

(c:/Users/Administrator/AppData/Roaming/TinyTeX/texmf-dist/tex/generic/ltxcmds/
ltxcmds.sty
Package: ltxcmds 2019/12/15 v1.24 LaTeX kernel commands for general use (HO)
)
(c:/Users/Administrator/AppData/Roaming/TinyTeX/texmf-dist/tex/latex/pdftexcmds
/pdftexcmds.sty
Package: pdftexcmds 2020-06-04 v0.32 Utility functions of pdfTeX for LuaTeX (HO
)

(c:/Users/Administrator/AppData/Roaming/TinyTeX/texmf-dist/tex/generic/infwarer
r/infwarerr.sty
Package: infwarerr 2019/12/03 v1.5 Providing info/warning/error messages (HO)
)
Package pdftexcmds Info: \pdf@primitive is available.
Package pdftexcmds Info: \pdf@ifprimitive is available.
Package pdftexcmds Info: \pdfdraftmode found.
)
(c:/Users/Administrator/AppData/Roaming/TinyTeX/texmf-dist/tex/latex/graphics/k
eyval.sty
Package: keyval 2014/10/28 v1.15 key=value parser (DPC)
\KV@toks@=\toks23
)
(c:/Users/Administrator/AppData/Roaming/TinyTeX/texmf-dist/tex/generic/kvsetkey
s/kvsetkeys.sty
Package: kvsetkeys 2019/12/15 v1.18 Key value parser (HO)
)
(c:/Users/Administrator/AppData/Roaming/TinyTeX/texmf-dist/tex/generic/kvdefine
keys/kvdefinekeys.sty
Package: kvdefinekeys 2019-12-19 v1.6 Define keys (HO)
)
(c:/Users/Administrator/AppData/Roaming/TinyTeX/texmf-dist/tex/generic/pdfescap
e/pdfescape.sty
Package: pdfescape 2019/12/09 v1.15 Implements pdfTeX's escape features (HO)
)
(c:/Users/Administrator/AppData/Roaming/TinyTeX/texmf-dist/tex/latex/hycolor/hy
color.sty
Package: hycolor 2020-01-27 v1.10 Color options for hyperref/bookmark (HO)
)
(c:/Users/Administrator/AppData/Roaming/TinyTeX/texmf-dist/tex/latex/letltxmacr
o/letltxmacro.sty
Package: letltxmacro 2019/12/03 v1.6 Let assignment for LaTeX macros (HO)
)
(c:/Users/Administrator/AppData/Roaming/TinyTeX/texmf-dist/tex/latex/auxhook/au
xhook.sty
Package: auxhook 2019-12-17 v1.6 Hooks for auxiliary files (HO)
)
(c:/Users/Administrator/AppData/Roaming/TinyTeX/texmf-dist/tex/latex/kvoptions/
kvoptions.sty
Package: kvoptions 2019/11/29 v3.13 Key value format for package options (HO)
)
\@linkdim=\dimen147
\Hy@linkcounter=\count269
\Hy@pagecounter=\count270

(c:/Users/Administrator/AppData/Roaming/TinyTeX/texmf-dist/tex/latex/hyperref/p
d1enc.def
File: pd1enc.def 2020-05-15 v7.00e Hyperref: PDFDocEncoding definition (HO)
Now handling font encoding PD1 ...
... no UTF-8 mapping file for font encoding PD1
)
(c:/Users/Administrator/AppData/Roaming/TinyTeX/texmf-dist/tex/generic/intcalc/
intcalc.sty
Package: intcalc 2019/12/15 v1.3 Expandable calculations with integers (HO)
)
(c:/Users/Administrator/AppData/Roaming/TinyTeX/texmf-dist/tex/generic/etexcmds
/etexcmds.sty
Package: etexcmds 2019/12/15 v1.7 Avoid name clashes with e-TeX commands (HO)
)
\Hy@SavedSpaceFactor=\count271
Package hyperref Info: Option `unicode' set `true' on input line 4338.

(c:/Users/Administrator/AppData/Roaming/TinyTeX/texmf-dist/tex/latex/hyperref/p
uenc.def
File: puenc.def 2020-05-15 v7.00e Hyperref: PDF Unicode definition (HO)
Now handling font encoding PU ...
... no UTF-8 mapping file for font encoding PU
)
Package hyperref Info: Option `unicode' set `true' on input line 4338.
Package hyperref Info: Hyper figures OFF on input line 4464.
Package hyperref Info: Link nesting OFF on input line 4469.
Package hyperref Info: Hyper index ON on input line 4472.
Package hyperref Info: Plain pages OFF on input line 4479.
Package hyperref Info: Backreferencing OFF on input line 4484.
Package hyperref Info: Implicit mode ON; LaTeX internals redefined.
Package hyperref Info: Bookmarks ON on input line 4717.
\c@Hy@tempcnt=\count272

(c:/Users/Administrator/AppData/Roaming/TinyTeX/texmf-dist/tex/latex/url/url.st
y
\Urlmuskip=\muskip17
Package: url 2013/09/16  ver 3.4  Verb mode for urls, etc.
)
LaTeX Info: Redefining \url on input line 5076.
\XeTeXLinkMargin=\dimen148

(c:/Users/Administrator/AppData/Roaming/TinyTeX/texmf-dist/tex/generic/bitset/b
itset.sty
Package: bitset 2019/12/09 v1.3 Handle bit-vector datatype (HO)

(c:/Users/Administrator/AppData/Roaming/TinyTeX/texmf-dist/tex/generic/bigintca
lc/bigintcalc.sty
Package: bigintcalc 2019/12/15 v1.5 Expandable calculations on big integers (HO
)
))
\Fld@menulength=\count273
\Field@Width=\dimen149
\Fld@charsize=\dimen150
Package hyperref Info: Hyper figures OFF on input line 6347.
Package hyperref Info: Link nesting OFF on input line 6352.
Package hyperref Info: Hyper index ON on input line 6355.
Package hyperref Info: backreferencing OFF on input line 6362.
Package hyperref Info: Link coloring OFF on input line 6367.
Package hyperref Info: Link coloring with OCG OFF on input line 6372.
Package hyperref Info: PDF/A mode OFF on input line 6377.
LaTeX Info: Redefining \ref on input line 6417.
LaTeX Info: Redefining \pageref on input line 6421.

(c:/Users/Administrator/AppData/Roaming/TinyTeX/texmf-dist/tex/generic/atbegshi
/atbegshi.sty
Package: atbegshi 2019/12/05 v1.19 At begin shipout hook (HO)
)
\Hy@abspage=\count274
\c@Item=\count275
\c@Hfootnote=\count276
)
Package hyperref Info: Driver (autodetected): hpdftex.

(c:/Users/Administrator/AppData/Roaming/TinyTeX/texmf-dist/tex/latex/hyperref/h
pdftex.def
File: hpdftex.def 2020-05-15 v7.00e Hyperref driver for pdfTeX

(c:/Users/Administrator/AppData/Roaming/TinyTeX/texmf-dist/tex/latex/atveryend/
atveryend.sty
Package: atveryend 2019-12-11 v1.11 Hooks at the very end of document (HO)
Package atveryend Info: \enddocument detected (standard20110627).
)
\Fld@listcount=\count277
\c@bookmark@seq@number=\count278

(c:/Users/Administrator/AppData/Roaming/TinyTeX/texmf-dist/tex/latex/rerunfilec
heck/rerunfilecheck.sty
Package: rerunfilecheck 2019/12/05 v1.9 Rerun checks for auxiliary files (HO)

(c:/Users/Administrator/AppData/Roaming/TinyTeX/texmf-dist/tex/generic/uniqueco
unter/uniquecounter.sty
Package: uniquecounter 2019/12/15 v1.4 Provide unlimited unique counter (HO)
)
Package uniquecounter Info: New unique counter `rerunfilecheck' on input line 2
86.
)
\Hy@SectionHShift=\skip54
)
(c:/Users/Administrator/AppData/Roaming/TinyTeX/texmf-dist/tex/latex/geometry/g
eometry.sty
Package: geometry 2020/01/02 v5.9 Page Geometry

(c:/Users/Administrator/AppData/Roaming/TinyTeX/texmf-dist/tex/generic/iftex/if
vtex.sty
Package: ifvtex 2019/10/25 v1.7 ifvtex legacy package. Use iftex instead.
)
\Gm@cnth=\count279
\Gm@cntv=\count280
\c@Gm@tempcnt=\count281
\Gm@bindingoffset=\dimen151
\Gm@wd@mp=\dimen152
\Gm@odd@mp=\dimen153
\Gm@even@mp=\dimen154
\Gm@layoutwidth=\dimen155
\Gm@layoutheight=\dimen156
\Gm@layouthoffset=\dimen157
\Gm@layoutvoffset=\dimen158
\Gm@dimlist=\toks24
)
(c:/Users/Administrator/AppData/Roaming/TinyTeX/texmf-dist/tex/latex/graphics/g
raphicx.sty
Package: graphicx 2019/11/30 v1.2a Enhanced LaTeX Graphics (DPC,SPQR)

(c:/Users/Administrator/AppData/Roaming/TinyTeX/texmf-dist/tex/latex/graphics/g
raphics.sty
Package: graphics 2019/11/30 v1.4a Standard LaTeX Graphics (DPC,SPQR)

(c:/Users/Administrator/AppData/Roaming/TinyTeX/texmf-dist/tex/latex/graphics/t
rig.sty
Package: trig 2016/01/03 v1.10 sin cos tan (DPC)
)
(c:/Users/Administrator/AppData/Roaming/TinyTeX/texmf-dist/tex/latex/graphics-c
fg/graphics.cfg
File: graphics.cfg 2016/06/04 v1.11 sample graphics configuration
)
Package graphics Info: Driver file: pdftex.def on input line 105.
)
\Gin@req@height=\dimen159
\Gin@req@width=\dimen160
)
(c:/Users/Administrator/AppData/Roaming/TinyTeX/texmf-dist/tex/latex/cjk/texinp
ut/UTF8/UTF8.bdg
File: UTF8.bdg 2015/04/18 4.8.4
)
(c:/Users/Administrator/AppData/Roaming/TinyTeX/texmf-dist/tex/latex/cjk/texinp
ut/UTF8/UTF8.enc
File: UTF8.enc 2015/04/18 4.8.4
)
(c:/Users/Administrator/AppData/Roaming/TinyTeX/texmf-dist/tex/latex/cjk/texinp
ut/UTF8/UTF8.chr
File: UTF8.chr 2015/04/18 4.8.4
)

LaTeX Warning: Unused global option(s):
    [12].

(./Final-report4.aux)
\openout1 = `Final-report4.aux'.

LaTeX Font Info:    Checking defaults for OML/cmm/m/it on input line 68.
LaTeX Font Info:    ... okay on input line 68.
LaTeX Font Info:    Checking defaults for OMS/cmsy/m/n on input line 68.
LaTeX Font Info:    ... okay on input line 68.
LaTeX Font Info:    Checking defaults for OT1/cmr/m/n on input line 68.
LaTeX Font Info:    ... okay on input line 68.
LaTeX Font Info:    Checking defaults for T1/cmr/m/n on input line 68.
LaTeX Font Info:    ... okay on input line 68.
LaTeX Font Info:    Checking defaults for TS1/cmr/m/n on input line 68.
LaTeX Font Info:    ... okay on input line 68.
LaTeX Font Info:    Checking defaults for OMX/cmex/m/n on input line 68.
LaTeX Font Info:    ... okay on input line 68.
LaTeX Font Info:    Checking defaults for U/cmr/m/n on input line 68.
LaTeX Font Info:    ... okay on input line 68.
LaTeX Font Info:    Checking defaults for C00/song/m/n on input line 68.
LaTeX Font Info:    ... okay on input line 68.
LaTeX Font Info:    Checking defaults for C05/song/m/n on input line 68.
LaTeX Font Info:    ... okay on input line 68.
LaTeX Font Info:    Checking defaults for C09/song/m/n on input line 68.
LaTeX Font Info:    ... okay on input line 68.
LaTeX Font Info:    Checking defaults for C10/song/m/n on input line 68.
LaTeX Font Info:    ... okay on input line 68.
LaTeX Font Info:    Checking defaults for C20/song/m/n on input line 68.
LaTeX Font Info:    ... okay on input line 68.
LaTeX Font Info:    Checking defaults for C19/song/m/n on input line 68.
LaTeX Font Info:    ... okay on input line 68.
LaTeX Font Info:    Checking defaults for C40/song/m/n on input line 68.
LaTeX Font Info:    ... okay on input line 68.
LaTeX Font Info:    Checking defaults for C42/song/m/n on input line 68.
LaTeX Font Info:    ... okay on input line 68.
LaTeX Font Info:    Checking defaults for C43/song/m/n on input line 68.
LaTeX Font Info:    ... okay on input line 68.
LaTeX Font Info:    Checking defaults for C50/song/m/n on input line 68.
LaTeX Font Info:    ... okay on input line 68.
LaTeX Font Info:    Checking defaults for C52/song/m/n on input line 68.
LaTeX Font Info:    ... okay on input line 68.
LaTeX Font Info:    Checking defaults for C49/song/m/n on input line 68.
LaTeX Font Info:    ... okay on input line 68.
LaTeX Font Info:    Checking defaults for C60/mj/m/n on input line 68.
LaTeX Font Info:    ... okay on input line 68.
LaTeX Font Info:    Checking defaults for C61/mj/m/n on input line 68.
LaTeX Font Info:    ... okay on input line 68.
LaTeX Font Info:    Checking defaults for C63/mj/m/n on input line 68.
LaTeX Font Info:    ... okay on input line 68.
LaTeX Font Info:    Checking defaults for C64/mj/m/n on input line 68.
LaTeX Font Info:    ... okay on input line 68.
LaTeX Font Info:    Checking defaults for C65/mj/m/n on input line 68.
LaTeX Font Info:    ... okay on input line 68.
LaTeX Font Info:    Checking defaults for C70/song/m/n on input line 68.
LaTeX Font Info:    ... okay on input line 68.
LaTeX Font Info:    Checking defaults for C31/song/m/n on input line 68.
LaTeX Font Info:    ... okay on input line 68.
LaTeX Font Info:    Checking defaults for C32/song/m/n on input line 68.
LaTeX Font Info:    ... okay on input line 68.
LaTeX Font Info:    Checking defaults for C33/song/m/n on input line 68.
LaTeX Font Info:    ... okay on input line 68.
LaTeX Font Info:    Checking defaults for C34/song/m/n on input line 68.
LaTeX Font Info:    ... okay on input line 68.
LaTeX Font Info:    Checking defaults for C35/song/m/n on input line 68.
LaTeX Font Info:    ... okay on input line 68.
LaTeX Font Info:    Checking defaults for C36/song/m/n on input line 68.
LaTeX Font Info:    ... okay on input line 68.
LaTeX Font Info:    Checking defaults for C37/song/m/n on input line 68.
LaTeX Font Info:    ... okay on input line 68.
LaTeX Font Info:    Checking defaults for C80/song/m/n on input line 68.
LaTeX Font Info:    ... okay on input line 68.
LaTeX Font Info:    Checking defaults for C81/song/m/n on input line 68.
LaTeX Font Info:    ... okay on input line 68.
LaTeX Font Info:    Checking defaults for C01/song/m/n on input line 68.
LaTeX Font Info:    ... okay on input line 68.
LaTeX Font Info:    Checking defaults for C11/song/m/n on input line 68.
LaTeX Font Info:    ... okay on input line 68.
LaTeX Font Info:    Checking defaults for C21/song/m/n on input line 68.
LaTeX Font Info:    ... okay on input line 68.
LaTeX Font Info:    Checking defaults for C41/song/m/n on input line 68.
LaTeX Font Info:    ... okay on input line 68.
LaTeX Font Info:    Checking defaults for C62/song/m/n on input line 68.
LaTeX Font Info:    ... okay on input line 68.
LaTeX Font Info:    Checking defaults for PD1/pdf/m/n on input line 68.
LaTeX Font Info:    ... okay on input line 68.
LaTeX Font Info:    Checking defaults for PU/pdf/m/n on input line 68.
LaTeX Font Info:    ... okay on input line 68.
ABD: EverySelectfont initializing macros
LaTeX Info: Redefining \selectfont on input line 68.

(c:/Users/Administrator/AppData/Roaming/TinyTeX/texmf-dist/tex/context/base/mki
i/supp-pdf.mkii
[Loading MPS to PDF converter (version 2006.09.02).]
\scratchcounter=\count282
\scratchdimen=\dimen161
\scratchbox=\box50
\nofMPsegments=\count283
\nofMParguments=\count284
\everyMPshowfont=\toks25
\MPscratchCnt=\count285
\MPscratchDim=\dimen162
\MPnumerator=\count286
\makeMPintoPDFobject=\count287
\everyMPtoPDFconversion=\toks26
)
(c:/Users/Administrator/AppData/Roaming/TinyTeX/texmf-dist/tex/latex/epstopdf-p
kg/epstopdf-base.sty
Package: epstopdf-base 2020-01-24 v2.11 Base part for package epstopdf
Package epstopdf-base Info: Redefining graphics rule for `.eps' on input line 4
85.

(c:/Users/Administrator/AppData/Roaming/TinyTeX/texmf-dist/tex/latex/latexconfi
g/epstopdf-sys.cfg
File: epstopdf-sys.cfg 2010/07/13 v1.3 Configuration of (r)epstopdf for TeX Liv
e
))
\AtBeginShipoutBox=\box51
Package hyperref Info: Link coloring OFF on input line 68.

(c:/Users/Administrator/AppData/Roaming/TinyTeX/texmf-dist/tex/latex/hyperref/n
ameref.sty
Package: nameref 2019/09/16 v2.46 Cross-referencing by name of section

(c:/Users/Administrator/AppData/Roaming/TinyTeX/texmf-dist/tex/latex/refcount/r
efcount.sty
Package: refcount 2019/12/15 v3.6 Data extraction from label references (HO)
)
(c:/Users/Administrator/AppData/Roaming/TinyTeX/texmf-dist/tex/generic/gettitle
string/gettitlestring.sty
Package: gettitlestring 2019/12/15 v1.6 Cleanup title references (HO)
)
\c@section@level=\count288
)
LaTeX Info: Redefining \ref on input line 68.
LaTeX Info: Redefining \pageref on input line 68.
LaTeX Info: Redefining \nameref on input line 68.
(./Final-report4.out) (./Final-report4.out)
\@outlinefile=\write3
\openout3 = `Final-report4.out'.

*geometry* driver: auto-detecting
*geometry* detected driver: pdftex
*geometry* verbose mode - [ preamble ] result:
* driver: pdftex
* paper: <default>
* layout: <same size as paper>
* layoutoffset:(h,v)=(0.0pt,0.0pt)
* modes: 
* h-part:(L,W,R)=(71.13188pt, 472.03123pt, 71.13188pt)
* v-part:(T,H,B)=(95.39737pt, 556.47656pt, 143.09605pt)
* \paperwidth=614.295pt
* \paperheight=794.96999pt
* \textwidth=472.03123pt
* \textheight=556.47656pt
* \oddsidemargin=-1.1381pt
* \evensidemargin=-1.1381pt
* \topmargin=-13.87262pt
* \headheight=12.0pt
* \headsep=25.0pt
* \topskip=10.0pt
* \footskip=30.0pt
* \marginparwidth=65.0pt
* \marginparsep=11.0pt
* \columnsep=10.0pt
* \skip\footins=9.0pt plus 4.0pt minus 2.0pt
* \hoffset=0.0pt
* \voffset=0.0pt
* \mag=1000
* \@twocolumnfalse
* \@twosidefalse
* \@mparswitchfalse
* \@reversemarginfalse
* (1in=72.27pt=25.4mm, 1cm=28.453pt)

LaTeX Font Info:    Trying to load font information for C70+rm on input line 70
.

(c:/Users/Administrator/AppData/Roaming/TinyTeX/texmf-dist/tex/latex/ctex/fd/c7
0rm.fd
File: c70rm.fd 2020/06/06 v2.5.3 Chinese font definition (CTEX)
)
LaTeX Font Info:    Trying to load font information for OT1+lmr on input line 7
0.

(c:/Users/Administrator/AppData/Roaming/TinyTeX/texmf-dist/tex/latex/lm/ot1lmr.
fd
File: ot1lmr.fd 2009/10/30 v1.6 Font defs for Latin Modern
)
LaTeX Font Info:    Trying to load font information for OML+lmm on input line 7
0.

(c:/Users/Administrator/AppData/Roaming/TinyTeX/texmf-dist/tex/latex/lm/omllmm.
fd
File: omllmm.fd 2009/10/30 v1.6 Font defs for Latin Modern
)
LaTeX Font Info:    Trying to load font information for OMS+lmsy on input line 
70.

(c:/Users/Administrator/AppData/Roaming/TinyTeX/texmf-dist/tex/latex/lm/omslmsy
.fd
File: omslmsy.fd 2009/10/30 v1.6 Font defs for Latin Modern
)
LaTeX Font Info:    Trying to load font information for OMX+lmex on input line 
70.

(c:/Users/Administrator/AppData/Roaming/TinyTeX/texmf-dist/tex/latex/lm/omxlmex
.fd
File: omxlmex.fd 2009/10/30 v1.6 Font defs for Latin Modern
)
LaTeX Font Info:    External font `lmex10' loaded for size
(Font)              <12.045> on input line 70.
LaTeX Font Info:    External font `lmex10' loaded for size
(Font)              <8> on input line 70.
LaTeX Font Info:    External font `lmex10' loaded for size
(Font)              <6> on input line 70.
LaTeX Font Info:    Trying to load font information for U+msa on input line 70.


(c:/Users/Administrator/AppData/Roaming/TinyTeX/texmf-dist/tex/latex/amsfonts/u
msa.fd
File: umsa.fd 2013/01/14 v3.01 AMS symbols A
)
LaTeX Font Info:    Trying to load font information for U+msb on input line 70.


(c:/Users/Administrator/AppData/Roaming/TinyTeX/texmf-dist/tex/latex/amsfonts/u
msb.fd
File: umsb.fd 2013/01/14 v3.01 AMS symbols B
)
Package CJKpunct Info: use punctuation spaces for family 'rm' with punctstyle (
quanjiao) on input line 70.

(c:/Users/Administrator/AppData/Roaming/TinyTeX/texmf-dist/tex/generic/ctex/zhm
ap/ctex-zhmap-windows.tex
File: ctex-zhmap-windows.tex 2020/06/06 v2.5.3 Windows font map loader for pdfT
eX and DVIPDFMx (CTEX)
{c:/Users/Administrator/AppData/Roaming/TinyTeX/texmf-var/fonts/map/pdftex/updm
ap/pdftex.map}{UGBK.sfd}{Unicode.sfd}) [1

]
LaTeX Font Info:    External font `lmex10' loaded for size
(Font)              <10.53937> on input line 97.
LaTeX Font Info:    External font `lmex10' loaded for size
(Font)              <7> on input line 97.
LaTeX Font Info:    External font `lmex10' loaded for size
(Font)              <5> on input line 97.
<D:/1wxf/project-alien-adventure/final repo/pic/2.1.png, id=299, 628.59843pt x 
345.54094pt>
File: D:/1wxf/project-alien-adventure/final repo/pic/2.1.png Graphic file (type
 png)
<use D:/1wxf/project-alien-adventure/final repo/pic/2.1.png>
Package pdftex.def Info: D:/1wxf/project-alien-adventure/final repo/pic/2.1.png
  used on input line 104.
(pdftex.def)             Requested size: 188.80159pt x 103.78435pt.
[2 <d:/1wxf/project-alien-adventure/final repo/pic/2.1.png>]
<D:/1wxf/project-alien-adventure/final repo/pic/2.2.png, id=330, 532.23843pt x 
319.94531pt>
File: D:/1wxf/project-alien-adventure/final repo/pic/2.2.png Graphic file (type
 png)
<use D:/1wxf/project-alien-adventure/final repo/pic/2.2.png>
Package pdftex.def Info: D:/1wxf/project-alien-adventure/final repo/pic/2.2.png
  used on input line 108.
(pdftex.def)             Requested size: 188.80383pt x 113.49594pt.
<D:/1wxf/project-alien-adventure/final repo/pic/2.3.png, id=331, 570.63188pt x 
272.51813pt>
File: D:/1wxf/project-alien-adventure/final repo/pic/2.3.png Graphic file (type
 png)
<use D:/1wxf/project-alien-adventure/final repo/pic/2.3.png>
Package pdftex.def Info: D:/1wxf/project-alien-adventure/final repo/pic/2.3.png
  used on input line 115.
(pdftex.def)             Requested size: 188.8054pt x 90.16827pt.
[3 <d:/1wxf/project-alien-adventure/final repo/pic/2.2.png> <d:/1wxf/project-al
ien-adventure/final repo/pic/2.3.png>] [4]
<D:/1wxf/project-alien-adventure/final repo/pic/3.1.png, id=370, 651.93562pt x 
405.01312pt>
File: D:/1wxf/project-alien-adventure/final repo/pic/3.1.png Graphic file (type
 png)
<use D:/1wxf/project-alien-adventure/final repo/pic/3.1.png>
Package pdftex.def Info: D:/1wxf/project-alien-adventure/final repo/pic/3.1.png
  used on input line 171.
(pdftex.def)             Requested size: 188.80779pt x 117.29628pt.
[5]
<D:/1wxf/project-alien-adventure/final repo/pic/3.2.png, id=383, 651.93562pt x 
405.01312pt>
File: D:/1wxf/project-alien-adventure/final repo/pic/3.2.png Graphic file (type
 png)
<use D:/1wxf/project-alien-adventure/final repo/pic/3.2.png>
Package pdftex.def Info: D:/1wxf/project-alien-adventure/final repo/pic/3.2.png
  used on input line 179.
(pdftex.def)             Requested size: 188.80779pt x 117.29628pt.
<D:/1wxf/project-alien-adventure/final repo/pic/biao5.png, id=384, 233.07076pt 
x 52.998pt>
File: D:/1wxf/project-alien-adventure/final repo/pic/biao5.png Graphic file (ty
pe png)
<use D:/1wxf/project-alien-adventure/final repo/pic/biao5.png>
Package pdftex.def Info: D:/1wxf/project-alien-adventure/final repo/pic/biao5.p
ng  used on input line 183.
(pdftex.def)             Requested size: 188.81471pt x 42.9346pt.
<D:/1wxf/project-alien-adventure/final repo/pic/biao6.png, id=386, 280.6485pt x
 192.11775pt>
File: D:/1wxf/project-alien-adventure/final repo/pic/biao6.png Graphic file (ty
pe png)
<use D:/1wxf/project-alien-adventure/final repo/pic/biao6.png>
Package pdftex.def Info: D:/1wxf/project-alien-adventure/final repo/pic/biao6.p
ng  used on input line 187.
(pdftex.def)             Requested size: 188.8129pt x 129.25174pt.
[6 <d:/1wxf/project-alien-adventure/final repo/pic/3.1.png> <d:/1wxf/project-al
ien-adventure/final repo/pic/3.2.png> <d:/1wxf/project-alien-adventure/final re
po/pic/biao5.png>]
<D:/1wxf/project-alien-adventure/final repo/pic/3.3.png, id=395, 651.93562pt x 
405.01312pt>
File: D:/1wxf/project-alien-adventure/final repo/pic/3.3.png Graphic file (type
 png)
<use D:/1wxf/project-alien-adventure/final repo/pic/3.3.png>
Package pdftex.def Info: D:/1wxf/project-alien-adventure/final repo/pic/3.3.png
  used on input line 193.
(pdftex.def)             Requested size: 188.80779pt x 117.29628pt.
<D:/1wxf/project-alien-adventure/final repo/pic/3.4.png, id=396, 651.93562pt x 
405.01312pt>
File: D:/1wxf/project-alien-adventure/final repo/pic/3.4.png Graphic file (type
 png)
<use D:/1wxf/project-alien-adventure/final repo/pic/3.4.png>
Package pdftex.def Info: D:/1wxf/project-alien-adventure/final repo/pic/3.4.png
  used on input line 197.
(pdftex.def)             Requested size: 188.80779pt x 117.29628pt.
<D:/1wxf/project-alien-adventure/final repo/pic/biao9.png, id=397, 252.34274pt 
x 44.5665pt>
File: D:/1wxf/project-alien-adventure/final repo/pic/biao9.png Graphic file (ty
pe png)
<use D:/1wxf/project-alien-adventure/final repo/pic/biao9.png>
Package pdftex.def Info: D:/1wxf/project-alien-adventure/final repo/pic/biao9.p
ng  used on input line 201.
(pdftex.def)             Requested size: 188.81763pt x 33.34724pt.
[7 <d:/1wxf/project-alien-adventure/final repo/pic/biao6.png> <d:/1wxf/project-
alien-adventure/final repo/pic/3.3.png> <d:/1wxf/project-alien-adventure/final 
repo/pic/3.4.png>]
<D:/1wxf/project-alien-adventure/final repo/pic/biao10.png, id=406, 294.50024pt
 x 190.311pt>
File: D:/1wxf/project-alien-adventure/final repo/pic/biao10.png Graphic file (t
ype png)
<use D:/1wxf/project-alien-adventure/final repo/pic/biao10.png>
Package pdftex.def Info: D:/1wxf/project-alien-adventure/final repo/pic/biao10.
png  used on input line 205.
(pdftex.def)             Requested size: 188.81653pt x 122.0164pt.

Underfull \hbox (badness 2285) in paragraph at lines 215--218
[]\C70/rm/m/n/10.53937/20 ^^C ^^C\T1/lmr/m/n/10.53937 ARIMA\C70/rm/m/n/10.53937
/6a ! \C70/rm/m/n/10.53937/57 ã \C70/rm/m/n/10.53937/53 s \C70/rm/m/n/10.53937/
81 Í \C70/rm/m/n/10.53937/56 ﬁ \C70/rm/m/n/10.53937/5f R \C70/rm/m/n/10.53937/7
9 ˚ \C70/rm/m/n/10.53937/52 ® \C70/rm/m/n/10.53937/5e s \C70/rm/m/n/10.53937/57
 G \C70/rm/m/n/10.53937/6a ! \C70/rm/m/n/10.53937/57 ã|\C70/rm/m/n/10.53937/ff 
^^L| \C70/rm/m/n/10.53937/65 ˆ \C70/rm/m/n/10.53937/95 Ù \C70/rm/m/n/10.53937/5
e è \C70/rm/m/n/10.53937/52 ^^W ^^F \C70/rm/m/n/10.53937/67 ê \C70/rm/m/n/10.53
937/6a ! \C70/rm/m/n/10.53937/57 ã \C70/rm/m/n/10.53937/90 ^^Z \C70/rm/m/n/10.5
3937/5e 8 \C70/rm/m/n/10.53937/66 / \C70/rm/m/n/10.53937/63 ^^G \C70/rm/m/n/10.
53937/6c B \C70/rm/m/n/10.53937/54 å \C70/rm/m/n/10.53937/81 Í \C70/rm/m/n/10.5
3937/56 ﬁ \C70/rm/m/n/10.53937/5f R \C70/rm/m/n/10.53937/79 ˚ \C70/rm/m/n/10.53
937/52 ® \C70/rm/m/n/10.53937/5e s \C70/rm/m/n/10.53937/57 G \C70/rm/m/n/10.539
37/6a !
 []

[8 <d:/1wxf/project-alien-adventure/final repo/pic/biao9.png> <d:/1wxf/project-
alien-adventure/final repo/pic/biao10.png>]
<D:/1wxf/project-alien-adventure/final repo/pic/4.1.png, id=434, 720.89325pt x 
514.3215pt>
File: D:/1wxf/project-alien-adventure/final repo/pic/4.1.png Graphic file (type
 png)
<use D:/1wxf/project-alien-adventure/final repo/pic/4.1.png>
Package pdftex.def Info: D:/1wxf/project-alien-adventure/final repo/pic/4.1.png
  used on input line 248.
(pdftex.def)             Requested size: 188.80281pt x 134.70142pt.
[9 <d:/1wxf/project-alien-adventure/final repo/pic/4.1.png>]
<D:/1wxf/project-alien-adventure/final repo/pic/4.2.png, id=453, 720.89325pt x 
514.3215pt>
File: D:/1wxf/project-alien-adventure/final repo/pic/4.2.png Graphic file (type
 png)
<use D:/1wxf/project-alien-adventure/final repo/pic/4.2.png>
Package pdftex.def Info: D:/1wxf/project-alien-adventure/final repo/pic/4.2.png
  used on input line 254.
(pdftex.def)             Requested size: 188.80281pt x 134.70142pt.
<D:/1wxf/project-alien-adventure/final repo/pic/4.3.png, id=454, 720.89325pt x 
514.3215pt>
File: D:/1wxf/project-alien-adventure/final repo/pic/4.3.png Graphic file (type
 png)
<use D:/1wxf/project-alien-adventure/final repo/pic/4.3.png>
Package pdftex.def Info: D:/1wxf/project-alien-adventure/final repo/pic/4.3.png
  used on input line 272.
(pdftex.def)             Requested size: 188.80281pt x 134.70142pt.
[10 <d:/1wxf/project-alien-adventure/final repo/pic/4.2.png>] [11 <d:/1wxf/proj
ect-alien-adventure/final repo/pic/4.3.png>]
Overfull \hbox (11.88673pt too wide) in paragraph at lines 307--308
[]\C70/rm/m/n/10.53937/20 ^^C ^^C \C70/rm/m/n/10.53937/4e ‰$\OML/lmm/m/it/10.53
937 x[]$\C70/rm/m/n/10.53937/4e :$\OML/lmm/m/it/10.53937 x[]$\C70/rm/m/n/10.539
37/76 Ñ \C70/rm/m/n/10.53937/4e ^^@ \C70/rm/m/n/10.53937/6b ! \C70/rm/m/n/10.53
937/7d / \C70/rm/m/n/10.53937/52 † \C70/rm/m/n/10.53937/5e è \C70/rm/m/n/10.539
37/52 ^^W|\C70/rm/m/n/10.53937/ff ^^L| \C70/rm/m/n/10.53937/52 ^^Y$\OML/lmm/m/i
t/10.53937 x[] \OT1/lmr/m/n/10.53937 = (\OML/lmm/m/it/10.53937 x[]\OT1/lmr/m/n/
10.53937 (1)\OML/lmm/m/it/10.53937 ; x[]\OT1/lmr/m/n/10.53937 (2)\OML/lmm/m/it/
10.53937 ; :::; x[]\OT1/lmr/m/n/10.53937 (\OML/lmm/m/it/10.53937 n\OT1/lmr/m/n/
10.53937 ))$|\C70/rm/m/n/10.53937/ff ^^L| \C70/rm/m/n/10.53937/51 v \C70/rm/m/n
/10.53937/4e -|\C70/rm/m/n/10.53937/ff ^^L| $\OML/lmm/m/it/10.53937 x[]\OT1/lmr
/m/n/10.53937 (\OML/lmm/m/it/10.53937 k\OT1/lmr/m/n/10.53937 ) = [][] []\OML/lm
m/m/it/10.53937 ; k \OT1/lmr/m/n/10.53937 =
 []


Underfull \hbox (badness 3895) in paragraph at lines 312--313
[]\C70/rm/m/n/10.53937/20 ^^C ^^C \C70/rm/m/n/10.53937/4e ‰$\OML/lmm/m/it/10.53
937 z[]$\C70/rm/m/n/10.53937/4e :$\OML/lmm/m/it/10.53937 x[]$\C70/rm/m/n/10.539
37/76 Ñ \C70/rm/m/n/10.53937/7d ' \C70/rm/m/n/10.53937/90 ª \C70/rm/m/n/10.5393
7/57 G \C70/rm/m/n/10.53937/50 < \C70/rm/m/n/10.53937/75 ^^_ \C70/rm/m/n/10.539
37/62 ^^P \C70/rm/m/n/10.53937/5e è \C70/rm/m/n/10.53937/52 ^^W|\C70/rm/m/n/10.
53937/ff ^^L| $\OML/lmm/m/it/10.53937 z[] \OT1/lmr/m/n/10.53937 = (\OML/lmm/m/i
t/10.53937 z[]\OT1/lmr/m/n/10.53937 (1)\OML/lmm/m/it/10.53937 ; z[]\OT1/lmr/m/n
/10.53937 (2)\OML/lmm/m/it/10.53937 ; :::; z[]\OT1/lmr/m/n/10.53937 (\OML/lmm/m
/it/10.53937 n\OT1/lmr/m/n/10.53937 ))$|\C70/rm/m/n/10.53937/ff ^^L| \C70/rm/m/
n/10.53937/51 v \C70/rm/m/n/10.53937/4e -|\C70/rm/m/n/10.53937/ff ^^L| $\OML/lm
m/m/it/10.53937 z[]\OT1/lmr/m/n/10.53937 (\OML/lmm/m/it/10.53937 k\OT1/lmr/m/n/
10.53937 ) =
 []


Underfull \hbox (badness 1960) in paragraph at lines 319--320
[]\C70/rm/m/n/10.53937/20 ^^C ^^C \C70/rm/m/n/10.53937/8b æ \C70/rm/m/n/10.5393
7/5f Ö \C70/rm/m/n/10.53937/4f 0 \C70/rm/m/n/10.53937/53 ¬ \C70/rm/m/n/10.53937
/65 p \C70/rm/m/n/10.53937/54 ^^Q \C70/rm/m/n/10.53937/91 œ$[] \OT1/lmr/m/n/10.
53937 = [[]\OML/lmm/m/it/10.53937 ; []\OT1/lmr/m/n/10.53937 ][]$|\C70/rm/m/n/10
.53937/ff ^^L| \C70/rm/m/n/10.53937/52 ^^Y \C70/rm/m/n/10.53937/70 p \C70/rm/m/
n/10.53937/5f Æ \C70/rm/m/n/10.53937/52 ^^F \C70/rm/m/n/10.53937/65 π \C70/rm/m
/n/10.53937/7a  \C70/rm/m/n/10.53937/76 Ñ \C70/rm/m/n/10.53937/67 ^^@ \C70/rm/
m/n/10.53937/5c ^^O \C70/rm/m/n/10.53937/4e å X \C70/rm/m/n/10.53937/4f 0 \C70/
rm/m/n/10.53937/8b ° \C70/rm/m/n/10.53937/53 ¬ \C70/rm/m/n/10.53937/65 p \C70/r
m/m/n/10.53937/52 ^^W \C70/rm/m/n/10.53937/6e · \C70/rm/m/n/10.53937/8d ≥$[] \O
T1/lmr/m/n/10.53937 = [[]\OML/lmm/m/it/10.53937 ; []\OT1/lmr/m/n/10.53937 ][] =

 []

[12]
<D:/1wxf/project-alien-adventure/final repo/pic/biao1.png, id=492, 556.32843pt 
x 94.10156pt>
File: D:/1wxf/project-alien-adventure/final repo/pic/biao1.png Graphic file (ty
pe png)
<use D:/1wxf/project-alien-adventure/final repo/pic/biao1.png>
Package pdftex.def Info: D:/1wxf/project-alien-adventure/final repo/pic/biao1.p
ng  used on input line 340.
(pdftex.def)             Requested size: 424.83435pt x 71.85965pt.

Overfull \hbox (12.91139pt too wide) in paragraph at lines 345--346
[]\C70/rm/m/n/10.53937/20 ^^C ^^C \C70/rm/m/n/10.53937/68 9 \C70/rm/m/n/10.5393
7/63 n \C70/rm/m/n/10.53937/53 Ü Ú \C70/rm/m/n/10.53937/65 p \C70/rm/m/n/10.539
37/63 n \C70/rm/m/n/10.53937/8b ° \C70/rm/m/n/10.53937/7b ó \C70/rm/m/n/10.5393
7/51 ˙\T1/lmr/m/n/10.53937 2020\C70/rm/m/n/10.53937/5e t \C70/rm/m/n/10.53937/6
b œ \C70/rm/m/n/10.53937/4e * \C70/rm/m/n/10.53937/67 ^^H \C70/rm/m/n/10.53937/
76 Ñ \C70/rm/m/n/10.53937/65 ≈ \C70/rm/m/n/10.53937/6e 8 \C70/rm/m/n/10.53937/6
5 6 \C70/rm/m/n/10.53937/51 e \C70/rm/m/n/10.53937/53 ` \C70/rm/m/n/10.53937/51
 h \C70/rm/m/n/10.53937/5e t \C70/rm/m/n/10.53937/60 ; \C70/rm/m/n/10.53937/50 
< \C70/rm/m/n/10.53937/76 Ñ \C70/rm/m/n/10.53937/6b ‘ \C70/rm/m/n/10.53937/4f ã
$\OML/lmm/m/it/10.53937 u[]$|\C70/rm/m/n/10.53937/ff ^^L| \C70/rm/m/n/10.53937/
53 s$\OML/lmm/m/it/10.53937 u[] \OT1/lmr/m/n/10.53937 = [][] []\OML/lmm/m/it/10
.53937 = [][] []$|\C70/rm/m/n/10.53937/ff ^^L|
 []


Overfull \hbox (1.45619pt too wide) detected at line 351
\OML/lmm/m/it/10.53937 X[] \OT1/lmr/m/n/10.53937 = (2404\OML/lmm/m/it/10.53937 
:\OT1/lmr/m/n/10.53937 70\OML/lmm/m/it/10.53937 ; \OT1/lmr/m/n/10.53937 2388\OM
L/lmm/m/it/10.53937 :\OT1/lmr/m/n/10.53937 09\OML/lmm/m/it/10.53937 ; \OT1/lmr/
m/n/10.53937 2574\OML/lmm/m/it/10.53937 :\OT1/lmr/m/n/10.53937 22\OML/lmm/m/it/
10.53937 ; \OT1/lmr/m/n/10.53937 2671\OML/lmm/m/it/10.53937 :\OT1/lmr/m/n/10.53
937 31\OML/lmm/m/it/10.53937 ; \OT1/lmr/m/n/10.53937 2757\OML/lmm/m/it/10.53937
 :\OT1/lmr/m/n/10.53937 81\OML/lmm/m/it/10.53937 ; \OT1/lmr/m/n/10.53937 2853\O
ML/lmm/m/it/10.53937 :\OT1/lmr/m/n/10.53937 37\OML/lmm/m/it/10.53937 ; \OT1/lmr
/m/n/10.53937 2962\OML/lmm/m/it/10.53937 :\OT1/lmr/m/n/10.53937 99\OML/lmm/m/it
/10.53937 ; \OT1/lmr/m/n/10.53937 3029\OML/lmm/m/it/10.53937 :\OT1/lmr/m/n/10.5
3937 93\OML/lmm/m/it/10.53937 ; \OT1/lmr/m/n/10.53937 3262\OML/lmm/m/it/10.5393
7 :\OT1/lmr/m/n/10.53937 90\OML/lmm/m/it/10.53937 ; \OT1/lmr/m/n/10.53937 3476\
OML/lmm/m/it/10.53937 :\OT1/lmr/m/n/10.53937 03\OML/lmm/m/it/10.53937 ; \OT1/lm
r/m/n/10.53937 3691\OML/lmm/m/it/10.53937 :\OT1/lmr/m/n/10.53937 85[]
 []

[13 <d:/1wxf/project-alien-adventure/final repo/pic/biao1.png>]
Overfull \hbox (39.51491pt too wide) detected at line 352
\OML/lmm/m/it/10.53937 X[] \OT1/lmr/m/n/10.53937 = (2404\OML/lmm/m/it/10.53937 
:\OT1/lmr/m/n/10.53937 70\OML/lmm/m/it/10.53937 ; \OT1/lmr/m/n/10.53937 4842\OM
L/lmm/m/it/10.53937 :\OT1/lmr/m/n/10.53937 79\OML/lmm/m/it/10.53937 ; \OT1/lmr/
m/n/10.53937 7417\OML/lmm/m/it/10.53937 :\OT1/lmr/m/n/10.53937 01\OML/lmm/m/it/
10.53937 ; \OT1/lmr/m/n/10.53937 10088\OML/lmm/m/it/10.53937 :\OT1/lmr/m/n/10.5
3937 32\OML/lmm/m/it/10.53937 ; \OT1/lmr/m/n/10.53937 12846\OML/lmm/m/it/10.539
37 :\OT1/lmr/m/n/10.53937 14\OML/lmm/m/it/10.53937 ; \OT1/lmr/m/n/10.53937 1569
9\OML/lmm/m/it/10.53937 :\OT1/lmr/m/n/10.53937 51\OML/lmm/m/it/10.53937 ; \OT1/
lmr/m/n/10.53937 18662\OML/lmm/m/it/10.53937 :\OT1/lmr/m/n/10.53937 49\OML/lmm/
m/it/10.53937 ; \OT1/lmr/m/n/10.53937 21692\OML/lmm/m/it/10.53937 :\OT1/lmr/m/n
/10.53937 43\OML/lmm/m/it/10.53937 ; \OT1/lmr/m/n/10.53937 24955\OML/lmm/m/it/1
0.53937 :\OT1/lmr/m/n/10.53937 33\OML/lmm/m/it/10.53937 ; \OT1/lmr/m/n/10.53937
 24831\OML/lmm/m/it/10.53937 :\OT1/lmr/m/n/10.53937 35\OML/lmm/m/it/10.53937 ; 
\OT1/lmr/m/n/10.53937 32133\OML/lmm/m/it/10.53937 :\OT1/lmr/m/n/10.53937 21)
 []


Overfull \hbox (43.17441pt too wide) detected at line 355
\OML/lmm/m/it/10.53937 Z[] \OT1/lmr/m/n/10.53937 = (3623\OML/lmm/m/it/10.53937 
:\OT1/lmr/m/n/10.53937 75\OML/lmm/m/it/10.53937 ; \OT1/lmr/m/n/10.53937 6129\OM
L/lmm/m/it/10.53937 :\OT1/lmr/m/n/10.53937 90\OML/lmm/m/it/10.53937 ; \OT1/lmr/
m/n/10.53937 8752\OML/lmm/m/it/10.53937 :\OT1/lmr/m/n/10.53937 67\OML/lmm/m/it/
10.53937 ; \OT1/lmr/m/n/10.53937 11467\OML/lmm/m/it/10.53937 :\OT1/lmr/m/n/10.5
3937 23\OML/lmm/m/it/10.53937 ; \OT1/lmr/m/n/10.53937 14272\OML/lmm/m/it/10.539
37 :\OT1/lmr/m/n/10.53937 82\OML/lmm/m/it/10.53937 ; \OT1/lmr/m/n/10.53937 1718
1\OML/lmm/m/it/10.53937 :\OT1/lmr/m/n/10.53937 00\OML/lmm/m/it/10.53937 ; \OT1/
lmr/m/n/10.53937 20177\OML/lmm/m/it/10.53937 :\OT1/lmr/m/n/10.53937 46\OML/lmm/
m/it/10.53937 ; \OT1/lmr/m/n/10.53937 23323\OML/lmm/m/it/10.53937 :\OT1/lmr/m/n
/10.53937 88\OML/lmm/m/it/10.53937 ; \OT1/lmr/m/n/10.53937 266693\OML/lmm/m/it/
10.53937 :\OT1/lmr/m/n/10.53937 34\OML/lmm/m/it/10.53937 ; \OT1/lmr/m/n/10.5393
7 30277\OML/lmm/m/it/10.53937 :\OT1/lmr/m/n/10.53937 28\OML/lmm/m/it/10.53937 ;
 \OT1/lmr/m/n/10.53937 32123\OML/lmm/m/it/10.53937 :\OT1/lmr/m/n/10.53937 21)
 []

<D:/1wxf/project-alien-adventure/final repo/pic/5.1.png, id=509, 410.2828pt x 2
47.67531pt>
File: D:/1wxf/project-alien-adventure/final repo/pic/5.1.png Graphic file (type
 png)
<use D:/1wxf/project-alien-adventure/final repo/pic/5.1.png>
Package pdftex.def Info: D:/1wxf/project-alien-adventure/final repo/pic/5.1.png
  used on input line 364.
(pdftex.def)             Requested size: 188.8075pt x 113.97737pt.
<D:/1wxf/project-alien-adventure/final repo/pic/biao2.png, id=510, 563.10374pt 
x 88.07906pt>
File: D:/1wxf/project-alien-adventure/final repo/pic/biao2.png Graphic file (ty
pe png)
<use D:/1wxf/project-alien-adventure/final repo/pic/biao2.png>
Package pdftex.def Info: D:/1wxf/project-alien-adventure/final repo/pic/biao2.p
ng  used on input line 370.
(pdftex.def)             Requested size: 424.82712pt x 66.45021pt.

Underfull \hbox (badness 4254) in paragraph at lines 375--376
[]\C70/rm/m/n/10.53937/20 ^^C ^^C \C70/rm/m/n/10.53937/68 9 \C70/rm/m/n/10.5393
7/63 n \C70/rm/m/n/10.53937/4e 
 \C70/rm/m/n/10.53937/88 h \C70/rm/m/n/10.53937/4e - \C70/rm/m/n/10.53937/76 Ñ 
\C70/rm/m/n/10.53937/98 Ñ \C70/rm/m/n/10.53937/6d K \C70/rm/m/n/10.53937/7e ” \
C70/rm/m/n/10.53937/67 ú|\C70/rm/m/n/10.53937/ff ^^L| \C70/rm/m/n/10.53937/61 ^
^O \C70/rm/m/n/10.53937/59 ' \C70/rm/m/n/10.53937/52 )\T1/lmr/m/n/10.53937 1\C7
0/rm/m/n/10.53937/67 ^^H \C70/rm/m/n/10.53937/4e ˝ \C70/rm/m/n/10.53937/76 Ñ \C
70/rm/m/n/10.53937/65 ≈ \C70/rm/m/n/10.53937/6e 8 \C70/rm/m/n/10.53937/65 6 \C7
0/rm/m/n/10.53937/51 e \C70/rm/m/n/10.53937/5e î \C70/rm/m/n/10.53937/4e :\T1/l
mr/m/n/10.53937 2308.43\C70/rm/m/n/10.53937/76 ~ \C70/rm/m/n/10.53937/4e ^^G \C
70/rm/m/n/10.53937/6b ' \C70/rm/m/n/10.53937/51 C|\C70/rm/m/n/10.53937/ff ^^L| 
\C70/rm/m/n/10.53937/4f F \C70/rm/m/n/10.53937/5b û \C70/rm/m/n/10.53937/96 E \
C70/rm/m/n/10.53937/65 6 \C70/rm/m/n/10.53937/51 e \C70/rm/m/n/10.53937/53 t
 []

[14 <d:/1wxf/project-alien-adventure/final repo/pic/5.1.png> <d:/1wxf/project-a
lien-adventure/final repo/pic/biao2.png>] [15]
Underfull \hbox (badness 2318) in paragraph at lines 399--400
[]\T1/lmr/m/n/10.53937 [4]\C70/rm/m/n/10.53937/5f   \C70/rm/m/n/10.53937/65 á ó
\T1/lmr/m/n/10.53937 ,\C70/rm/m/n/10.53937/79 V \C70/rm/m/n/10.53937/6b c \C70/
rm/m/n/10.53937/86 N\T1/lmr/m/n/10.53937 ,\C70/rm/m/n/10.53937/8b ∏ \C70/rm/m/n
/10.53937/66 t\T1/lmr/m/n/10.53937 ,\C70/rm/m/n/10.53937/5f ê \C70/rm/m/n/10.53
937/81 Ù \C70/rm/m/n/10.53937/97 V\T1/lmr/m/n/10.53937 ,\C70/rm/m/n/10.53937/90
 — \C70/rm/m/n/10.53937/6d õ\T1/lmr/m/n/10.53937 .SARS\C70/rm/m/n/10.53937/75 ´
 \C70/rm/m/n/10.53937/60 ≈ \C70/rm/m/n/10.53937/5b ˘ \C70/rm/m/n/10.53937/4e - 
\C70/rm/m/n/10.53937/56 ˝ \C70/rm/m/n/10.53937/4e § \C70/rm/m/n/10.53937/90 ^^Z
 \C70/rm/m/n/10.53937/8f – ì \C70/rm/m/n/10.53937/4e ^^Z \C70/rm/m/n/10.53937/5
4 å \C70/rm/m/n/10.53937/75 5 \C70/rm/m/n/10.53937/4f · \C70/rm/m/n/10.53937/4e
 ^^Z \C70/rm/m/n/10.53937/76 Ñ \C70/rm/m/n/10.53937/5f q \C70/rm/m/n/10.53937/5
4 Õ \C70/rm/m/n/10.53937/52 ^^F \C70/rm/m/n/10.53937/67 ê\T1/lmr/m/n/10.53937 [
J].\C70/rm/m/n/10.53937/51 õ \C70/rm/m/n/10.53937/4e ã \C70/rm/m/n/10.53937/53 
;
 []

Package atveryend Info: Empty hook `BeforeClearDocument' on input line 411.
[16]
Package atveryend Info: Empty hook `AfterLastShipout' on input line 411.
(./Final-report4.aux)
Package atveryend Info: Executing hook `AtVeryEndDocument' on input line 411.
Package atveryend Info: Executing hook `AtEndAfterFileList' on input line 411.
Package rerunfilecheck Info: File `Final-report4.out' has not changed.
(rerunfilecheck)             Checksum: C40A10DE0B787274E12BACD963897F4B;4476.
Package atveryend Info: Empty hook `AtVeryVeryEnd' on input line 411.
 ) 
Here is how much of TeX's memory you used:
 17330 strings out of 482426
 291736 string characters out of 5945887
 490739 words of memory out of 5000000
 32266 multiletter control sequences out of 15000+600000
 644985 words of font info for 301 fonts, out of 8000000 for 9000
 14 hyphenation exceptions out of 8191
 48i,8n,67p,1284b,452s stack positions out of 5000i,500n,10000p,200000b,80000s
<c:/Windows/Fonts/simsun.ttc><c:/Windows/Fonts/simsun.ttc><c:/Windows/Fonts/s
imsun.ttc><c:/Windows/Fonts/simhei.ttf><c:/Windows/Fonts/simsun.ttc>{c:/Users/A
dministrator/AppData/Roaming/TinyTeX/texmf-dist/fonts/enc/dvips/lm/lm-rm.enc}<c
:/Windows/Fonts/simhei.ttf><c:/Windows/Fonts/simhei.ttf>{c:/Users/Administrator
/AppData/Roaming/TinyTeX/texmf-dist/fonts/enc/dvips/lm/lm-mathex.enc}<c:/Window
s/Fonts/simhei.ttf><c:/Windows/Fonts/simhei.ttf><c:/Windows/Fonts/simhei.ttf><c
:/Windows/Fonts/simhei.ttf><c:/Windows/Fonts/simhei.ttf><c:/Windows/Fonts/simsu
n.ttc><c:/Windows/Fonts/simsun.ttc><c:/Windows/Fonts/simsun.ttc><c:/Windows/Fon
ts/simsun.ttc><c:/Windows/Fonts/simsun.ttc><c:/Windows/Fonts/simsun.ttc><c:/Win
dows/Fonts/simhei.ttf><c:/Windows/Fonts/simhei.ttf><c:/Windows/Fonts/simhei.ttf
><c:/Windows/Fonts/simhei.ttf><c:/Windows/Fonts/simhei.ttf><c:/Windows/Fonts/si
mhei.ttf><c:/Windows/Fonts/simhei.ttf><c:/Windows/Fonts/simhei.ttf><c:/Windows/
Fonts/simsun.ttc><c:/Windows/Fonts/simhei.ttf><c:/Windows/Fonts/simhei.ttf><c:/
Windows/Fonts/simsun.ttc><c:/Windows/Fonts/simsun.ttc><c:/Windows/Fonts/simsun.
ttc><c:/Windows/Fonts/simsun.ttc><c:/Windows/Fonts/simsun.ttc><c:/Windows/Fonts
/simsun.ttc><c:/Windows/Fonts/simsun.ttc><c:/Windows/Fonts/simsun.ttc><c:/Windo
ws/Fonts/simsun.ttc><c:/Windows/Fonts/simsun.ttc><c:/Windows/Fonts/simsun.ttc><
c:/Windows/Fonts/simsun.ttc><c:/Windows/Fonts/simsun.ttc><c:/Windows/Fonts/sims
un.ttc><c:/Windows/Fonts/simsun.ttc>{c:/Users/Administrator/AppData/Roaming/Tin
yTeX/texmf-dist/fonts/enc/dvips/lm/lm-mathsy.enc}{c:/Users/Administrator/AppDat
a/Roaming/TinyTeX/texmf-dist/fonts/enc/dvips/lm/lm-mathit.enc}<c:/Windows/Fonts
/simhei.ttf><c:/Windows/Fonts/simsun.ttc><c:/Windows/Fonts/simsun.ttc><c:/Windo
ws/Fonts/simsun.ttc><c:/Windows/Fonts/simsun.ttc><c:/Windows/Fonts/simsun.ttc><
c:/Windows/Fonts/simhei.ttf>{c:/Users/Administrator/AppData/Roaming/TinyTeX/tex
mf-dist/fonts/enc/dvips/lm/lm-ec.enc}<c:/Windows/Fonts/simsun.ttc><c:/Windows/F
onts/simhei.ttf><c:/Windows/Fonts/simhei.ttf><c:/Windows/Fonts/simhei.ttf><c:/W
indows/Fonts/simhei.ttf><c:/Windows/Fonts/simhei.ttf><c:/Windows/Fonts/simhei.t
tf><c:/Windows/Fonts/simhei.ttf><c:/Windows/Fonts/simsun.ttc><c:/Windows/Fonts/
simsun.ttc><c:/Windows/Fonts/simhei.ttf><c:/Windows/Fonts/simhei.ttf><c:/Window
s/Fonts/simhei.ttf><c:/Windows/Fonts/simhei.ttf><c:/Windows/Fonts/simhei.ttf><c
:/Windows/Fonts/simhei.ttf><c:/Windows/Fonts/simsun.ttc><c:/Windows/Fonts/simhe
i.ttf><c:/Windows/Fonts/simhei.ttf><c:/Windows/Fonts/simhei.ttf><c:/Windows/Fon
ts/simhei.ttf><c:/Windows/Fonts/simsun.ttc><c:/Windows/Fonts/simsun.ttc><c:/Win
dows/Fonts/simsun.ttc><c:/Windows/Fonts/simsun.ttc><c:/Windows/Fonts/simsun.ttc
><c:/Windows/Fonts/simsun.ttc><c:/Windows/Fonts/simsun.ttc><c:/Windows/Fonts/si
msun.ttc><c:/Windows/Fonts/simsun.ttc><c:/Windows/Fonts/simsun.ttc><c:/Windows/
Fonts/simsun.ttc><c:/Windows/Fonts/simhei.ttf><c:/Windows/Fonts/simhei.ttf><c:/
Windows/Fonts/simhei.ttf><c:/Windows/Fonts/simhei.ttf><c:/Windows/Fonts/simsun.
ttc><c:/Windows/Fonts/simsun.ttc><c:/Windows/Fonts/simsun.ttc><c:/Windows/Fonts
/simsun.ttc><c:/Windows/Fonts/simsun.ttc><c:/Windows/Fonts/simsun.ttc><c:/Windo
ws/Fonts/simsun.ttc><c:/Windows/Fonts/simsun.ttc><c:/Windows/Fonts/simsun.ttc><
c:/Windows/Fonts/simsun.ttc><c:/Windows/Fonts/simsun.ttc><c:/Windows/Fonts/sims
un.ttc><c:/Windows/Fonts/simsun.ttc><c:/Windows/Fonts/simsun.ttc><c:/Windows/Fo
nts/simsun.ttc><c:/Windows/Fonts/simsun.ttc><c:/Windows/Fonts/simsun.ttc><c:/Wi
ndows/Fonts/simsun.ttc><c:/Windows/Fonts/simsun.ttc><c:/Windows/Fonts/simsun.tt
c><c:/Windows/Fonts/simsun.ttc><c:/Windows/Fonts/simsun.ttc><c:/Windows/Fonts/s
imsun.ttc><c:/Windows/Fonts/simsun.ttc><c:/Windows/Fonts/simsun.ttc><c:/Windows
/Fonts/simsun.ttc><c:/Windows/Fonts/simsun.ttc><c:/Windows/Fonts/simsun.ttc><c:
/Windows/Fonts/simsun.ttc><c:/Windows/Fonts/simsun.ttc><c:/Windows/Fonts/simsun
.ttc><c:/Windows/Fonts/simsun.ttc><c:/Windows/Fonts/simsun.ttc><c:/Windows/Font
s/simsun.ttc><c:/Windows/Fonts/simsun.ttc><c:/Windows/Fonts/simsun.ttc><c:/Wind
ows/Fonts/simsun.ttc><c:/Windows/Fonts/simsun.ttc><c:/Windows/Fonts/simsun.ttc

pdfTeX warning: pdflatex.exe (file c:/Windows/Fonts/simsun.ttc): subfont unison
g20: wrong mapping: character 3 --> 0x2003 --> .notdef
><c:/Windows/Fonts/simhei.ttf><c:/Windows/Fonts/simhei.ttf><c:/Windows/Fonts/si
mhei.ttf><c:/Windows/Fonts/simhei.ttf><c:/Windows/Fonts/simhei.ttf><c:/Windows/
Fonts/simhei.ttf><c:/Windows/Fonts/simhei.ttf><c:/Windows/Fonts/simhei.ttf><c:/
Windows/Fonts/simhei.ttf><c:/Windows/Fonts/simsun.ttc><c:/Windows/Fonts/simsun.
ttc><c:/Windows/Fonts/simsun.ttc><c:/Windows/Fonts/simsun.ttc><c:/Windows/Fonts
/simsun.ttc><c:/Windows/Fonts/simsun.ttc><c:/Windows/Fonts/simsun.ttc><c:/Windo
ws/Fonts/simsun.ttc><c:/Windows/Fonts/simsun.ttc><c:/Windows/Fonts/simsun.ttc><
c:/Windows/Fonts/simsun.ttc><c:/Windows/Fonts/simsun.ttc><c:/Windows/Fonts/sims
un.ttc><c:/Windows/Fonts/simsun.ttc><c:/Windows/Fonts/simsun.ttc><c:/Windows/Fo
nts/simsun.ttc><c:/Windows/Fonts/simsun.ttc><c:/Windows/Fonts/simsun.ttc><c:/Wi
ndows/Fonts/simsun.ttc><c:/Windows/Fonts/simsun.ttc><c:/Windows/Fonts/simsun.tt
c><c:/Windows/Fonts/simsun.ttc><c:/Windows/Fonts/simsun.ttc><c:/Windows/Fonts/s
imsun.ttc><c:/Windows/Fonts/simsun.ttc><c:/Users/Administrator/AppData/Roaming/
TinyTeX/texmf-dist/fonts/type1/public/lm/lmbx10.pfb><c:/Users/Administrator/App
Data/Roaming/TinyTeX/texmf-dist/fonts/type1/public/lm/lmbx12.pfb><c:/Users/Admi
nistrator/AppData/Roaming/TinyTeX/texmf-dist/fonts/type1/public/lm/lmex10.pfb><
c:/Users/Administrator/AppData/Roaming/TinyTeX/texmf-dist/fonts/type1/public/lm
/lmmi10.pfb><c:/Users/Administrator/AppData/Roaming/TinyTeX/texmf-dist/fonts/ty
pe1/public/lm/lmmi7.pfb><c:/Users/Administrator/AppData/Roaming/TinyTeX/texmf-d
ist/fonts/type1/public/lm/lmr10.pfb><c:/Users/Administrator/AppData/Roaming/Tin
yTeX/texmf-dist/fonts/type1/public/lm/lmr12.pfb><c:/Users/Administrator/AppData
/Roaming/TinyTeX/texmf-dist/fonts/type1/public/lm/lmr5.pfb><c:/Users/Administra
tor/AppData/Roaming/TinyTeX/texmf-dist/fonts/type1/public/lm/lmr7.pfb><c:/Users
/Administrator/AppData/Roaming/TinyTeX/texmf-dist/fonts/type1/public/lm/lmro10.
pfb><c:/Users/Administrator/AppData/Roaming/TinyTeX/texmf-dist/fonts/type1/publ
ic/lm/lmsy10.pfb><c:/Users/Administrator/AppData/Roaming/TinyTeX/texmf-dist/fon
ts/type1/public/lm/lmsy7.pfb>
Output written on Final-report4.pdf (16 pages, 1134818 bytes).
PDF statistics:
 1085 PDF objects out of 1200 (max. 8388607)
 776 compressed objects within 8 object streams
 89 named destinations out of 1000 (max. 500000)
 678 words of extra memory for PDF output out of 10000 (max. 10000000)

